INFO  2023-11-15 13:40:21[restartedMain] [StartupInfoLogger.java - logStarting] [PhyApplication:51] - Starting PhyApplication using Java 17.0.8 with PID 3204 (C:\Users\kucne\Desktop\Kang\Back\backApi\build\classes\java\main started by kucne in C:\Users\kucne\Desktop\Kang\Back\backApi)
INFO  2023-11-15 13:40:21[restartedMain] [SpringApplication.java - logStartupProfileInfo] [PhyApplication:634] - No active profile set, falling back to 1 default profile: "default"
INFO  2023-11-15 13:40:21[restartedMain] [DeferredLog.java - logTo] [DevToolsPropertyDefaultsPostProcessor:250] - Devtools property defaults active! Set 'spring.devtools.add-properties' to 'false' to disable
INFO  2023-11-15 13:40:21[restartedMain] [DeferredLog.java - logTo] [DevToolsPropertyDefaultsPostProcessor:250] - For additional web related logging consider setting the 'logging.level.web' property to 'DEBUG'
INFO  2023-11-15 13:40:22[restartedMain] [RepositoryConfigurationDelegate.java - multipleStoresDetected] [RepositoryConfigurationDelegate:291] - Multiple Spring Data modules found, entering strict repository configuration mode
INFO  2023-11-15 13:40:22[restartedMain] [RepositoryConfigurationDelegate.java - registerRepositoriesIn] [RepositoryConfigurationDelegate:138] - Bootstrapping Spring Data JDBC repositories in DEFAULT mode.
INFO  2023-11-15 13:40:22[restartedMain] [RepositoryConfigurationExtensionSupport.java - isStrictRepositoryCandidate] [RepositoryConfigurationExtensionSupport:320] - Spring Data JDBC - Could not safely identify store assignment for repository candidate interface com.phy.Repository.SV_CommonCodeRepository; If you want this repository to be a JDBC repository, consider annotating your entities with one of these annotations: org.springframework.data.relational.core.mapping.Table.
INFO  2023-11-15 13:40:22[restartedMain] [RepositoryConfigurationExtensionSupport.java - isStrictRepositoryCandidate] [RepositoryConfigurationExtensionSupport:320] - Spring Data JDBC - Could not safely identify store assignment for repository candidate interface com.phy.Repository.SV_UserRepository; If you want this repository to be a JDBC repository, consider annotating your entities with one of these annotations: org.springframework.data.relational.core.mapping.Table.
INFO  2023-11-15 13:40:22[restartedMain] [RepositoryConfigurationDelegate.java - registerRepositoriesIn] [RepositoryConfigurationDelegate:208] - Finished Spring Data repository scanning in 31 ms. Found 0 JDBC repository interfaces.
INFO  2023-11-15 13:40:22[restartedMain] [RepositoryConfigurationDelegate.java - multipleStoresDetected] [RepositoryConfigurationDelegate:291] - Multiple Spring Data modules found, entering strict repository configuration mode
INFO  2023-11-15 13:40:22[restartedMain] [RepositoryConfigurationDelegate.java - registerRepositoriesIn] [RepositoryConfigurationDelegate:138] - Bootstrapping Spring Data JPA repositories in DEFAULT mode.
INFO  2023-11-15 13:40:22[restartedMain] [RepositoryConfigurationDelegate.java - registerRepositoriesIn] [RepositoryConfigurationDelegate:208] - Finished Spring Data repository scanning in 35 ms. Found 2 JPA repository interfaces.
INFO  2023-11-15 13:40:23[restartedMain] [TomcatWebServer.java - initialize] [TomcatWebServer:108] - Tomcat initialized with port(s): 8080 (http)
INFO  2023-11-15 13:40:23[restartedMain] [DirectJDKLog.java - log] [StandardService:173] - Starting service [Tomcat]
INFO  2023-11-15 13:40:23[restartedMain] [DirectJDKLog.java - log] [StandardEngine:173] - Starting Servlet engine: [Apache Tomcat/10.1.11]
INFO  2023-11-15 13:40:23[restartedMain] [DirectJDKLog.java - log] [[/api]:173] - Initializing Spring embedded WebApplicationContext
INFO  2023-11-15 13:40:23[restartedMain] [ServletWebServerApplicationContext.java - prepareWebApplicationContext] [ServletWebServerApplicationContext:291] - Root WebApplicationContext: initialization completed in 1759 ms
INFO  2023-11-15 13:40:23[restartedMain] [LogHelper.java - logPersistenceUnitInformation] [LogHelper:31] - HHH000204: Processing PersistenceUnitInfo [name: default]
INFO  2023-11-15 13:40:23[restartedMain] [Version.java - logVersion] [Version:44] - HHH000412: Hibernate ORM core version 6.2.6.Final
INFO  2023-11-15 13:40:23[restartedMain] [Environment.java - <clinit>] [Environment:191] - HHH000406: Using bytecode reflection optimizer
INFO  2023-11-15 13:40:23[restartedMain] [BytecodeProviderInitiator.java - buildBytecodeProvider] [BytecodeProviderInitiator:53] - HHH000021: Bytecode provider name : bytebuddy
INFO  2023-11-15 13:40:23[restartedMain] [SpringPersistenceUnitInfo.java - addTransformer] [SpringPersistenceUnitInfo:87] - No LoadTimeWeaver setup: ignoring JPA class transformer
INFO  2023-11-15 13:40:23[restartedMain] [HikariDataSource.java - getConnection] [HikariDataSource:110] - HikariPool-1 - Starting...
INFO  2023-11-15 13:40:23[restartedMain] [HikariPool.java - checkFailFast] [HikariPool:565] - HikariPool-1 - Added connection org.mariadb.jdbc.Connection@cb17222
INFO  2023-11-15 13:40:23[restartedMain] [HikariDataSource.java - getConnection] [HikariDataSource:123] - HikariPool-1 - Start completed.
INFO  2023-11-15 13:40:24[restartedMain] [BytecodeProviderInitiator.java - buildBytecodeProvider] [BytecodeProviderInitiator:53] - HHH000021: Bytecode provider name : bytebuddy
INFO  2023-11-15 13:40:24[restartedMain] [JtaPlatformInitiator.java - initiateService] [JtaPlatformInitiator:51] - HHH000490: Using JtaPlatform implementation: [org.hibernate.engine.transaction.jta.platform.internal.NoJtaPlatform]
DEBUG 2023-11-15 13:40:24[restartedMain] [SqlStatementLogger.java - logStatement] [SQL:133] - alter table if exists sv_commoncode modify column dt_insert  datetime(6)
DEBUG 2023-11-15 13:40:24[restartedMain] [SqlStatementLogger.java - logStatement] [SQL:133] - alter table if exists sv_commoncode modify column dt_update  datetime(6)
DEBUG 2023-11-15 13:40:24[restartedMain] [SqlStatementLogger.java - logStatement] [SQL:133] - alter table if exists sv_user modify column dt_end  datetime(6)
DEBUG 2023-11-15 13:40:24[restartedMain] [SqlStatementLogger.java - logStatement] [SQL:133] - alter table if exists sv_user modify column dt_insert  datetime(6)
DEBUG 2023-11-15 13:40:24[restartedMain] [SqlStatementLogger.java - logStatement] [SQL:133] - alter table if exists sv_user modify column dt_last  datetime(6)
DEBUG 2023-11-15 13:40:24[restartedMain] [SqlStatementLogger.java - logStatement] [SQL:133] - alter table if exists sv_user modify column dt_last_connect  datetime(6)
DEBUG 2023-11-15 13:40:24[restartedMain] [SqlStatementLogger.java - logStatement] [SQL:133] - alter table if exists sv_user modify column dt_start  datetime(6)
DEBUG 2023-11-15 13:40:24[restartedMain] [SqlStatementLogger.java - logStatement] [SQL:133] - alter table if exists sv_user modify column dt_update  datetime(6)
DEBUG 2023-11-15 13:40:24[restartedMain] [SqlStatementLogger.java - logStatement] [SQL:133] - alter table if exists sv_user_hist modify column dt_end  datetime(6)
DEBUG 2023-11-15 13:40:24[restartedMain] [SqlStatementLogger.java - logStatement] [SQL:133] - alter table if exists sv_user_hist modify column dt_insert  datetime(6)
DEBUG 2023-11-15 13:40:24[restartedMain] [SqlStatementLogger.java - logStatement] [SQL:133] - alter table if exists sv_user_hist modify column dt_last  datetime(6)
DEBUG 2023-11-15 13:40:25[restartedMain] [SqlStatementLogger.java - logStatement] [SQL:133] - alter table if exists sv_user_hist modify column dt_last_connect  datetime(6)
DEBUG 2023-11-15 13:40:25[restartedMain] [SqlStatementLogger.java - logStatement] [SQL:133] - alter table if exists sv_user_hist modify column dt_start  datetime(6)
DEBUG 2023-11-15 13:40:25[restartedMain] [SqlStatementLogger.java - logStatement] [SQL:133] - alter table if exists sv_user_hist modify column dt_update  datetime(6)
INFO  2023-11-15 13:40:25[restartedMain] [AbstractEntityManagerFactoryBean.java - buildNativeEntityManagerFactory] [LocalContainerEntityManagerFactoryBean:437] - Initialized JPA EntityManagerFactory for persistence unit 'default'
WARN  2023-11-15 13:40:25[restartedMain] [JpaBaseConfiguration.java - openEntityManagerInViewInterceptor] [JpaBaseConfiguration$JpaWebConfiguration:231] - spring.jpa.open-in-view is enabled by default. Therefore, database queries may be performed during view rendering. Explicitly configure spring.jpa.open-in-view to disable this warning
INFO  2023-11-15 13:40:25[restartedMain] [WelcomePageHandlerMapping.java - <init>] [WelcomePageHandlerMapping:57] - Adding welcome page: class path resource [static/index.html]
DEBUG 2023-11-15 13:40:25[restartedMain] [AbstractHandlerMethodMapping.java - handlerMethodsInitialized] [RequestMappingHandlerMapping:366] - 3 mappings in 'requestMappingHandlerMapping'
DEBUG 2023-11-15 13:40:25[restartedMain] [SimpleUrlHandlerMapping.java - logMappings] [SimpleUrlHandlerMapping:187] - Patterns [/webjars/**, /**] in 'resourceHandlerMapping'
INFO  2023-11-15 13:40:25[restartedMain] [DefaultSecurityFilterChain.java - <init>] [DefaultSecurityFilterChain:54] - Will secure any request with [org.springframework.security.web.session.DisableEncodeUrlFilter@3e6377a2, org.springframework.security.web.context.request.async.WebAsyncManagerIntegrationFilter@244fabe8, org.springframework.security.web.context.SecurityContextHolderFilter@ff6452d, org.springframework.security.web.header.HeaderWriterFilter@7ca95bb4, org.springframework.security.web.csrf.CsrfFilter@36ffcd23, org.springframework.security.web.authentication.logout.LogoutFilter@4d7b14cb, org.springframework.security.web.authentication.UsernamePasswordAuthenticationFilter@19e69029, org.springframework.security.web.savedrequest.RequestCacheAwareFilter@1d391853, org.springframework.security.web.servletapi.SecurityContextHolderAwareRequestFilter@4590376d, org.springframework.security.web.authentication.AnonymousAuthenticationFilter@3888e35e, org.springframework.security.web.access.ExceptionTranslationFilter@35bf9fd3, org.springframework.security.web.access.intercept.AuthorizationFilter@ca2be1c]
DEBUG 2023-11-15 13:40:25[restartedMain] [RequestMappingHandlerAdapter.java - initControllerAdviceCache] [RequestMappingHandlerAdapter:614] - ControllerAdvice beans: 0 @ModelAttribute, 0 @InitBinder, 1 RequestBodyAdvice, 1 ResponseBodyAdvice
DEBUG 2023-11-15 13:40:25[restartedMain] [ExceptionHandlerExceptionResolver.java - initExceptionHandlerAdviceCache] [ExceptionHandlerExceptionResolver:292] - ControllerAdvice beans: 0 @ExceptionHandler, 1 ResponseBodyAdvice
INFO  2023-11-15 13:40:26[restartedMain] [OptionalLiveReloadServer.java - startServer] [OptionalLiveReloadServer:59] - LiveReload server is running on port 35729
INFO  2023-11-15 13:40:26[restartedMain] [TomcatWebServer.java - start] [TomcatWebServer:220] - Tomcat started on port(s): 8080 (http) with context path '/api'
INFO  2023-11-15 13:40:26[restartedMain] [StartupInfoLogger.java - logStarted] [PhyApplication:57] - Started PhyApplication in 5.365 seconds (process running for 5.917)
INFO  2023-11-15 13:40:26[restartedMain] [JobLauncherApplicationRunner.java - run] [JobLauncherApplicationRunner:160] - Running default command line with: []
INFO  2023-11-15 13:54:33[restartedMain] [StartupInfoLogger.java - logStarting] [PhyApplication:51] - Starting PhyApplication using Java 17.0.8 with PID 22416 (C:\Users\kucne\Desktop\Kang\Back\backApi\build\classes\java\main started by kucne in C:\Users\kucne\Desktop\Kang\Back\backApi)
INFO  2023-11-15 13:54:33[restartedMain] [SpringApplication.java - logStartupProfileInfo] [PhyApplication:634] - No active profile set, falling back to 1 default profile: "default"
INFO  2023-11-15 13:54:33[restartedMain] [DeferredLog.java - logTo] [DevToolsPropertyDefaultsPostProcessor:250] - Devtools property defaults active! Set 'spring.devtools.add-properties' to 'false' to disable
INFO  2023-11-15 13:54:33[restartedMain] [DeferredLog.java - logTo] [DevToolsPropertyDefaultsPostProcessor:250] - For additional web related logging consider setting the 'logging.level.web' property to 'DEBUG'
INFO  2023-11-15 13:54:34[restartedMain] [RepositoryConfigurationDelegate.java - multipleStoresDetected] [RepositoryConfigurationDelegate:291] - Multiple Spring Data modules found, entering strict repository configuration mode
INFO  2023-11-15 13:54:34[restartedMain] [RepositoryConfigurationDelegate.java - registerRepositoriesIn] [RepositoryConfigurationDelegate:138] - Bootstrapping Spring Data JDBC repositories in DEFAULT mode.
INFO  2023-11-15 13:54:34[restartedMain] [RepositoryConfigurationExtensionSupport.java - isStrictRepositoryCandidate] [RepositoryConfigurationExtensionSupport:320] - Spring Data JDBC - Could not safely identify store assignment for repository candidate interface com.phy.Repository.SV_CommonCodeRepository; If you want this repository to be a JDBC repository, consider annotating your entities with one of these annotations: org.springframework.data.relational.core.mapping.Table.
INFO  2023-11-15 13:54:34[restartedMain] [RepositoryConfigurationExtensionSupport.java - isStrictRepositoryCandidate] [RepositoryConfigurationExtensionSupport:320] - Spring Data JDBC - Could not safely identify store assignment for repository candidate interface com.phy.Repository.SV_UserRepository; If you want this repository to be a JDBC repository, consider annotating your entities with one of these annotations: org.springframework.data.relational.core.mapping.Table.
INFO  2023-11-15 13:54:34[restartedMain] [RepositoryConfigurationDelegate.java - registerRepositoriesIn] [RepositoryConfigurationDelegate:208] - Finished Spring Data repository scanning in 31 ms. Found 0 JDBC repository interfaces.
INFO  2023-11-15 13:54:34[restartedMain] [RepositoryConfigurationDelegate.java - multipleStoresDetected] [RepositoryConfigurationDelegate:291] - Multiple Spring Data modules found, entering strict repository configuration mode
INFO  2023-11-15 13:54:34[restartedMain] [RepositoryConfigurationDelegate.java - registerRepositoriesIn] [RepositoryConfigurationDelegate:138] - Bootstrapping Spring Data JPA repositories in DEFAULT mode.
INFO  2023-11-15 13:54:34[restartedMain] [RepositoryConfigurationDelegate.java - registerRepositoriesIn] [RepositoryConfigurationDelegate:208] - Finished Spring Data repository scanning in 29 ms. Found 2 JPA repository interfaces.
INFO  2023-11-15 13:54:35[restartedMain] [TomcatWebServer.java - initialize] [TomcatWebServer:108] - Tomcat initialized with port(s): 8080 (http)
INFO  2023-11-15 13:54:35[restartedMain] [DirectJDKLog.java - log] [StandardService:173] - Starting service [Tomcat]
INFO  2023-11-15 13:54:35[restartedMain] [DirectJDKLog.java - log] [StandardEngine:173] - Starting Servlet engine: [Apache Tomcat/10.1.11]
INFO  2023-11-15 13:54:35[restartedMain] [DirectJDKLog.java - log] [[/api]:173] - Initializing Spring embedded WebApplicationContext
INFO  2023-11-15 13:54:35[restartedMain] [ServletWebServerApplicationContext.java - prepareWebApplicationContext] [ServletWebServerApplicationContext:291] - Root WebApplicationContext: initialization completed in 1630 ms
INFO  2023-11-15 13:54:35[restartedMain] [LogHelper.java - logPersistenceUnitInformation] [LogHelper:31] - HHH000204: Processing PersistenceUnitInfo [name: default]
INFO  2023-11-15 13:54:35[restartedMain] [Version.java - logVersion] [Version:44] - HHH000412: Hibernate ORM core version 6.2.6.Final
INFO  2023-11-15 13:54:35[restartedMain] [Environment.java - <clinit>] [Environment:191] - HHH000406: Using bytecode reflection optimizer
INFO  2023-11-15 13:54:35[restartedMain] [BytecodeProviderInitiator.java - buildBytecodeProvider] [BytecodeProviderInitiator:53] - HHH000021: Bytecode provider name : bytebuddy
INFO  2023-11-15 13:54:36[restartedMain] [SpringPersistenceUnitInfo.java - addTransformer] [SpringPersistenceUnitInfo:87] - No LoadTimeWeaver setup: ignoring JPA class transformer
INFO  2023-11-15 13:54:36[restartedMain] [HikariDataSource.java - getConnection] [HikariDataSource:110] - HikariPool-1 - Starting...
INFO  2023-11-15 13:54:36[restartedMain] [HikariPool.java - checkFailFast] [HikariPool:565] - HikariPool-1 - Added connection org.mariadb.jdbc.Connection@cb17222
INFO  2023-11-15 13:54:36[restartedMain] [HikariDataSource.java - getConnection] [HikariDataSource:123] - HikariPool-1 - Start completed.
INFO  2023-11-15 13:54:36[restartedMain] [BytecodeProviderInitiator.java - buildBytecodeProvider] [BytecodeProviderInitiator:53] - HHH000021: Bytecode provider name : bytebuddy
INFO  2023-11-15 13:54:37[restartedMain] [JtaPlatformInitiator.java - initiateService] [JtaPlatformInitiator:51] - HHH000490: Using JtaPlatform implementation: [org.hibernate.engine.transaction.jta.platform.internal.NoJtaPlatform]
DEBUG 2023-11-15 13:54:37[restartedMain] [SqlStatementLogger.java - logStatement] [SQL:133] - create table offer_detail (offer_idx bigint not null, cd_adj varchar(255), dt_insert datetime(6), dt_update datetime(6), nm_ceo varchar(255), nm_store varchar(255), str_msg varchar(255), str_tel varchar(255), primary key (offer_idx)) engine=InnoDB
DEBUG 2023-11-15 13:54:37[restartedMain] [SqlStatementLogger.java - logStatement] [SQL:133] - alter table if exists sv_commoncode modify column dt_insert  datetime(6)
DEBUG 2023-11-15 13:54:37[restartedMain] [SqlStatementLogger.java - logStatement] [SQL:133] - alter table if exists sv_commoncode modify column dt_update  datetime(6)
DEBUG 2023-11-15 13:54:37[restartedMain] [SqlStatementLogger.java - logStatement] [SQL:133] - alter table if exists sv_user modify column dt_end  datetime(6)
DEBUG 2023-11-15 13:54:37[restartedMain] [SqlStatementLogger.java - logStatement] [SQL:133] - alter table if exists sv_user modify column dt_insert  datetime(6)
DEBUG 2023-11-15 13:54:37[restartedMain] [SqlStatementLogger.java - logStatement] [SQL:133] - alter table if exists sv_user modify column dt_last  datetime(6)
DEBUG 2023-11-15 13:54:37[restartedMain] [SqlStatementLogger.java - logStatement] [SQL:133] - alter table if exists sv_user modify column dt_last_connect  datetime(6)
DEBUG 2023-11-15 13:54:37[restartedMain] [SqlStatementLogger.java - logStatement] [SQL:133] - alter table if exists sv_user modify column dt_start  datetime(6)
DEBUG 2023-11-15 13:54:37[restartedMain] [SqlStatementLogger.java - logStatement] [SQL:133] - alter table if exists sv_user modify column dt_update  datetime(6)
DEBUG 2023-11-15 13:54:37[restartedMain] [SqlStatementLogger.java - logStatement] [SQL:133] - alter table if exists sv_user_hist modify column dt_end  datetime(6)
DEBUG 2023-11-15 13:54:37[restartedMain] [SqlStatementLogger.java - logStatement] [SQL:133] - alter table if exists sv_user_hist modify column dt_insert  datetime(6)
DEBUG 2023-11-15 13:54:37[restartedMain] [SqlStatementLogger.java - logStatement] [SQL:133] - alter table if exists sv_user_hist modify column dt_last  datetime(6)
DEBUG 2023-11-15 13:54:37[restartedMain] [SqlStatementLogger.java - logStatement] [SQL:133] - alter table if exists sv_user_hist modify column dt_last_connect  datetime(6)
DEBUG 2023-11-15 13:54:37[restartedMain] [SqlStatementLogger.java - logStatement] [SQL:133] - alter table if exists sv_user_hist modify column dt_start  datetime(6)
DEBUG 2023-11-15 13:54:37[restartedMain] [SqlStatementLogger.java - logStatement] [SQL:133] - alter table if exists sv_user_hist modify column dt_update  datetime(6)
INFO  2023-11-15 13:54:37[restartedMain] [AbstractEntityManagerFactoryBean.java - buildNativeEntityManagerFactory] [LocalContainerEntityManagerFactoryBean:437] - Initialized JPA EntityManagerFactory for persistence unit 'default'
WARN  2023-11-15 13:54:37[restartedMain] [JpaBaseConfiguration.java - openEntityManagerInViewInterceptor] [JpaBaseConfiguration$JpaWebConfiguration:231] - spring.jpa.open-in-view is enabled by default. Therefore, database queries may be performed during view rendering. Explicitly configure spring.jpa.open-in-view to disable this warning
INFO  2023-11-15 13:54:37[restartedMain] [WelcomePageHandlerMapping.java - <init>] [WelcomePageHandlerMapping:57] - Adding welcome page: class path resource [static/index.html]
DEBUG 2023-11-15 13:54:37[restartedMain] [AbstractHandlerMethodMapping.java - handlerMethodsInitialized] [RequestMappingHandlerMapping:366] - 4 mappings in 'requestMappingHandlerMapping'
DEBUG 2023-11-15 13:54:37[restartedMain] [SimpleUrlHandlerMapping.java - logMappings] [SimpleUrlHandlerMapping:187] - Patterns [/webjars/**, /**] in 'resourceHandlerMapping'
INFO  2023-11-15 13:54:37[restartedMain] [DefaultSecurityFilterChain.java - <init>] [DefaultSecurityFilterChain:54] - Will secure any request with [org.springframework.security.web.session.DisableEncodeUrlFilter@3a95f0a3, org.springframework.security.web.context.request.async.WebAsyncManagerIntegrationFilter@2d0f19f7, org.springframework.security.web.context.SecurityContextHolderFilter@57265402, org.springframework.security.web.header.HeaderWriterFilter@14a514fe, org.springframework.security.web.csrf.CsrfFilter@5bb9452a, org.springframework.security.web.authentication.logout.LogoutFilter@38e01c74, org.springframework.security.web.authentication.UsernamePasswordAuthenticationFilter@5d4c0004, org.springframework.security.web.savedrequest.RequestCacheAwareFilter@18202805, org.springframework.security.web.servletapi.SecurityContextHolderAwareRequestFilter@1f4f8e0a, org.springframework.security.web.authentication.AnonymousAuthenticationFilter@3a483878, org.springframework.security.web.access.ExceptionTranslationFilter@41fa4ded, org.springframework.security.web.access.intercept.AuthorizationFilter@49c99b54]
DEBUG 2023-11-15 13:54:38[restartedMain] [RequestMappingHandlerAdapter.java - initControllerAdviceCache] [RequestMappingHandlerAdapter:614] - ControllerAdvice beans: 0 @ModelAttribute, 0 @InitBinder, 1 RequestBodyAdvice, 1 ResponseBodyAdvice
DEBUG 2023-11-15 13:54:38[restartedMain] [ExceptionHandlerExceptionResolver.java - initExceptionHandlerAdviceCache] [ExceptionHandlerExceptionResolver:292] - ControllerAdvice beans: 0 @ExceptionHandler, 1 ResponseBodyAdvice
INFO  2023-11-15 13:54:38[restartedMain] [OptionalLiveReloadServer.java - startServer] [OptionalLiveReloadServer:59] - LiveReload server is running on port 35729
INFO  2023-11-15 13:54:38[restartedMain] [TomcatWebServer.java - start] [TomcatWebServer:220] - Tomcat started on port(s): 8080 (http) with context path '/api'
INFO  2023-11-15 13:54:38[restartedMain] [StartupInfoLogger.java - logStarted] [PhyApplication:57] - Started PhyApplication in 4.942 seconds (process running for 5.4)
INFO  2023-11-15 13:54:38[restartedMain] [JobLauncherApplicationRunner.java - run] [JobLauncherApplicationRunner:160] - Running default command line with: []
INFO  2023-11-15 13:55:22[http-nio-8080-exec-2] [DirectJDKLog.java - log] [[/api]:173] - Initializing Spring DispatcherServlet 'dispatcherServlet'
INFO  2023-11-15 13:55:22[http-nio-8080-exec-2] [FrameworkServlet.java - initServletBean] [DispatcherServlet:532] - Initializing Servlet 'dispatcherServlet'
DEBUG 2023-11-15 13:55:22[http-nio-8080-exec-2] [DispatcherServlet.java - initMultipartResolver] [DispatcherServlet:528] - Detected StandardServletMultipartResolver
DEBUG 2023-11-15 13:55:22[http-nio-8080-exec-2] [DispatcherServlet.java - initLocaleResolver] [DispatcherServlet:552] - Detected AcceptHeaderLocaleResolver
DEBUG 2023-11-15 13:55:22[http-nio-8080-exec-2] [DispatcherServlet.java - initThemeResolver] [DispatcherServlet:578] - Detected FixedThemeResolver
DEBUG 2023-11-15 13:55:22[http-nio-8080-exec-2] [DispatcherServlet.java - initRequestToViewNameTranslator] [DispatcherServlet:728] - Detected org.springframework.web.servlet.view.DefaultRequestToViewNameTranslator@6a839c5f
DEBUG 2023-11-15 13:55:22[http-nio-8080-exec-2] [DispatcherServlet.java - initFlashMapManager] [DispatcherServlet:792] - Detected org.springframework.web.servlet.support.SessionFlashMapManager@172aacbe
DEBUG 2023-11-15 13:55:22[http-nio-8080-exec-2] [FrameworkServlet.java - initServletBean] [DispatcherServlet:549] - enableLoggingRequestDetails='false': request parameters and headers will be masked to prevent unsafe logging of potentially sensitive data
INFO  2023-11-15 13:55:22[http-nio-8080-exec-2] [FrameworkServlet.java - initServletBean] [DispatcherServlet:554] - Completed initialization in 2 ms
DEBUG 2023-11-15 13:55:22[http-nio-8080-exec-2] [AbstractHandlerMapping.java - getHandler] [RequestMappingHandlerMapping:528] - Mapped to org.springframework.boot.autoconfigure.web.servlet.error.BasicErrorController#error(HttpServletRequest)
DEBUG 2023-11-15 13:55:22[http-nio-8080-exec-2] [LogFormatUtils.java - traceDebug] [DispatcherServlet:120] - "ERROR" dispatch for POST "/api/error", parameters={}
DEBUG 2023-11-15 13:55:22[http-nio-8080-exec-2] [AbstractHandlerMapping.java - getHandler] [RequestMappingHandlerMapping:528] - Mapped to org.springframework.boot.autoconfigure.web.servlet.error.BasicErrorController#error(HttpServletRequest)
DEBUG 2023-11-15 13:55:22[http-nio-8080-exec-2] [AbstractMessageConverterMethodProcessor.java - writeWithMessageConverters] [HttpEntityMethodProcessor:275] - Using 'application/json', given [*/*] and supported [application/json, application/*+json]
DEBUG 2023-11-15 13:55:22[http-nio-8080-exec-2] [LogFormatUtils.java - traceDebug] [HttpEntityMethodProcessor:120] - Writing [{timestamp=Wed Nov 15 13:55:22 KST 2023, status=403, error=Forbidden, message=Forbidden, path=/api/o (truncated)...]
DEBUG 2023-11-15 13:55:22[http-nio-8080-exec-2] [FrameworkServlet.java - logResult] [DispatcherServlet:1132] - Exiting from "ERROR" dispatch, status 403
DEBUG 2023-11-15 13:55:40[http-nio-8080-exec-3] [AbstractHandlerMapping.java - getHandler] [RequestMappingHandlerMapping:528] - Mapped to org.springframework.boot.autoconfigure.web.servlet.error.BasicErrorController#error(HttpServletRequest)
DEBUG 2023-11-15 13:55:40[http-nio-8080-exec-3] [LogFormatUtils.java - traceDebug] [DispatcherServlet:120] - "ERROR" dispatch for POST "/api/error", parameters={}
DEBUG 2023-11-15 13:55:40[http-nio-8080-exec-3] [AbstractHandlerMapping.java - getHandler] [RequestMappingHandlerMapping:528] - Mapped to org.springframework.boot.autoconfigure.web.servlet.error.BasicErrorController#error(HttpServletRequest)
DEBUG 2023-11-15 13:55:40[http-nio-8080-exec-3] [AbstractMessageConverterMethodProcessor.java - writeWithMessageConverters] [HttpEntityMethodProcessor:275] - Using 'application/json', given [*/*] and supported [application/json, application/*+json]
DEBUG 2023-11-15 13:55:40[http-nio-8080-exec-3] [LogFormatUtils.java - traceDebug] [HttpEntityMethodProcessor:120] - Writing [{timestamp=Wed Nov 15 13:55:40 KST 2023, status=403, error=Forbidden, message=Forbidden, path=/api/o (truncated)...]
DEBUG 2023-11-15 13:55:40[http-nio-8080-exec-3] [FrameworkServlet.java - logResult] [DispatcherServlet:1132] - Exiting from "ERROR" dispatch, status 403
WARN  2023-11-15 17:11:28[HikariPool-1 housekeeper] [HikariPool.java - run] [HikariPool:804] - HikariPool-1 - Thread starvation or clock leap detected (housekeeper delta=3h5m22s531ms499µs700ns).
DEBUG 2023-11-15 17:11:46[http-nio-8080-exec-6] [AbstractHandlerMapping.java - getHandler] [RequestMappingHandlerMapping:528] - Mapped to org.springframework.boot.autoconfigure.web.servlet.error.BasicErrorController#error(HttpServletRequest)
DEBUG 2023-11-15 17:11:46[http-nio-8080-exec-6] [LogFormatUtils.java - traceDebug] [DispatcherServlet:120] - "ERROR" dispatch for POST "/api/error", parameters={}
DEBUG 2023-11-15 17:11:46[http-nio-8080-exec-6] [AbstractHandlerMapping.java - getHandler] [RequestMappingHandlerMapping:528] - Mapped to org.springframework.boot.autoconfigure.web.servlet.error.BasicErrorController#error(HttpServletRequest)
DEBUG 2023-11-15 17:11:46[http-nio-8080-exec-6] [AbstractMessageConverterMethodProcessor.java - writeWithMessageConverters] [HttpEntityMethodProcessor:275] - Using 'application/json', given [*/*] and supported [application/json, application/*+json]
DEBUG 2023-11-15 17:11:46[http-nio-8080-exec-6] [LogFormatUtils.java - traceDebug] [HttpEntityMethodProcessor:120] - Writing [{timestamp=Wed Nov 15 17:11:46 KST 2023, status=403, error=Forbidden, message=Forbidden, path=/api/o (truncated)...]
DEBUG 2023-11-15 17:11:46[http-nio-8080-exec-6] [FrameworkServlet.java - logResult] [DispatcherServlet:1132] - Exiting from "ERROR" dispatch, status 403
DEBUG 2023-11-15 17:11:59[http-nio-8080-exec-7] [AbstractHandlerMapping.java - getHandler] [RequestMappingHandlerMapping:528] - Mapped to org.springframework.boot.autoconfigure.web.servlet.error.BasicErrorController#error(HttpServletRequest)
DEBUG 2023-11-15 17:11:59[http-nio-8080-exec-7] [LogFormatUtils.java - traceDebug] [DispatcherServlet:120] - "ERROR" dispatch for POST "/api/error", parameters={}
DEBUG 2023-11-15 17:11:59[http-nio-8080-exec-7] [AbstractHandlerMapping.java - getHandler] [RequestMappingHandlerMapping:528] - Mapped to org.springframework.boot.autoconfigure.web.servlet.error.BasicErrorController#error(HttpServletRequest)
DEBUG 2023-11-15 17:11:59[http-nio-8080-exec-7] [AbstractMessageConverterMethodProcessor.java - writeWithMessageConverters] [HttpEntityMethodProcessor:275] - Using 'application/json', given [*/*] and supported [application/json, application/*+json]
DEBUG 2023-11-15 17:11:59[http-nio-8080-exec-7] [LogFormatUtils.java - traceDebug] [HttpEntityMethodProcessor:120] - Writing [{timestamp=Wed Nov 15 17:11:59 KST 2023, status=403, error=Forbidden, message=Forbidden, path=/api/o (truncated)...]
DEBUG 2023-11-15 17:11:59[http-nio-8080-exec-7] [FrameworkServlet.java - logResult] [DispatcherServlet:1132] - Exiting from "ERROR" dispatch, status 403
INFO  2023-11-15 17:12:45[restartedMain] [StartupInfoLogger.java - logStarting] [PhyApplication:51] - Starting PhyApplication using Java 17.0.8 with PID 13660 (C:\Users\kucne\Desktop\Kang\Back\backApi\build\classes\java\main started by kucne in C:\Users\kucne\Desktop\Kang\Back\backApi)
INFO  2023-11-15 17:12:45[restartedMain] [SpringApplication.java - logStartupProfileInfo] [PhyApplication:634] - No active profile set, falling back to 1 default profile: "default"
INFO  2023-11-15 17:12:45[restartedMain] [DeferredLog.java - logTo] [DevToolsPropertyDefaultsPostProcessor:250] - Devtools property defaults active! Set 'spring.devtools.add-properties' to 'false' to disable
INFO  2023-11-15 17:12:45[restartedMain] [DeferredLog.java - logTo] [DevToolsPropertyDefaultsPostProcessor:250] - For additional web related logging consider setting the 'logging.level.web' property to 'DEBUG'
INFO  2023-11-15 17:12:45[restartedMain] [RepositoryConfigurationDelegate.java - multipleStoresDetected] [RepositoryConfigurationDelegate:291] - Multiple Spring Data modules found, entering strict repository configuration mode
INFO  2023-11-15 17:12:45[restartedMain] [RepositoryConfigurationDelegate.java - registerRepositoriesIn] [RepositoryConfigurationDelegate:138] - Bootstrapping Spring Data JDBC repositories in DEFAULT mode.
INFO  2023-11-15 17:12:46[restartedMain] [RepositoryConfigurationExtensionSupport.java - isStrictRepositoryCandidate] [RepositoryConfigurationExtensionSupport:320] - Spring Data JDBC - Could not safely identify store assignment for repository candidate interface com.phy.Repository.SV_CommonCodeRepository; If you want this repository to be a JDBC repository, consider annotating your entities with one of these annotations: org.springframework.data.relational.core.mapping.Table.
INFO  2023-11-15 17:12:46[restartedMain] [RepositoryConfigurationExtensionSupport.java - isStrictRepositoryCandidate] [RepositoryConfigurationExtensionSupport:320] - Spring Data JDBC - Could not safely identify store assignment for repository candidate interface com.phy.Repository.SV_UserRepository; If you want this repository to be a JDBC repository, consider annotating your entities with one of these annotations: org.springframework.data.relational.core.mapping.Table.
INFO  2023-11-15 17:12:46[restartedMain] [RepositoryConfigurationDelegate.java - registerRepositoriesIn] [RepositoryConfigurationDelegate:208] - Finished Spring Data repository scanning in 31 ms. Found 0 JDBC repository interfaces.
INFO  2023-11-15 17:12:46[restartedMain] [RepositoryConfigurationDelegate.java - multipleStoresDetected] [RepositoryConfigurationDelegate:291] - Multiple Spring Data modules found, entering strict repository configuration mode
INFO  2023-11-15 17:12:46[restartedMain] [RepositoryConfigurationDelegate.java - registerRepositoriesIn] [RepositoryConfigurationDelegate:138] - Bootstrapping Spring Data JPA repositories in DEFAULT mode.
INFO  2023-11-15 17:12:46[restartedMain] [RepositoryConfigurationDelegate.java - registerRepositoriesIn] [RepositoryConfigurationDelegate:208] - Finished Spring Data repository scanning in 24 ms. Found 2 JPA repository interfaces.
INFO  2023-11-15 17:12:46[restartedMain] [TomcatWebServer.java - initialize] [TomcatWebServer:108] - Tomcat initialized with port(s): 8080 (http)
INFO  2023-11-15 17:12:46[restartedMain] [DirectJDKLog.java - log] [StandardService:173] - Starting service [Tomcat]
INFO  2023-11-15 17:12:46[restartedMain] [DirectJDKLog.java - log] [StandardEngine:173] - Starting Servlet engine: [Apache Tomcat/10.1.11]
INFO  2023-11-15 17:12:46[restartedMain] [DirectJDKLog.java - log] [[/api]:173] - Initializing Spring embedded WebApplicationContext
INFO  2023-11-15 17:12:46[restartedMain] [ServletWebServerApplicationContext.java - prepareWebApplicationContext] [ServletWebServerApplicationContext:291] - Root WebApplicationContext: initialization completed in 1470 ms
INFO  2023-11-15 17:12:46[restartedMain] [LogHelper.java - logPersistenceUnitInformation] [LogHelper:31] - HHH000204: Processing PersistenceUnitInfo [name: default]
INFO  2023-11-15 17:12:46[restartedMain] [Version.java - logVersion] [Version:44] - HHH000412: Hibernate ORM core version 6.2.6.Final
INFO  2023-11-15 17:12:46[restartedMain] [Environment.java - <clinit>] [Environment:191] - HHH000406: Using bytecode reflection optimizer
INFO  2023-11-15 17:12:47[restartedMain] [BytecodeProviderInitiator.java - buildBytecodeProvider] [BytecodeProviderInitiator:53] - HHH000021: Bytecode provider name : bytebuddy
INFO  2023-11-15 17:12:47[restartedMain] [SpringPersistenceUnitInfo.java - addTransformer] [SpringPersistenceUnitInfo:87] - No LoadTimeWeaver setup: ignoring JPA class transformer
INFO  2023-11-15 17:12:47[restartedMain] [HikariDataSource.java - getConnection] [HikariDataSource:110] - HikariPool-1 - Starting...
INFO  2023-11-15 17:12:47[restartedMain] [HikariPool.java - checkFailFast] [HikariPool:565] - HikariPool-1 - Added connection org.mariadb.jdbc.Connection@cb17222
INFO  2023-11-15 17:12:47[restartedMain] [HikariDataSource.java - getConnection] [HikariDataSource:123] - HikariPool-1 - Start completed.
INFO  2023-11-15 17:12:47[restartedMain] [BytecodeProviderInitiator.java - buildBytecodeProvider] [BytecodeProviderInitiator:53] - HHH000021: Bytecode provider name : bytebuddy
INFO  2023-11-15 17:12:48[restartedMain] [JtaPlatformInitiator.java - initiateService] [JtaPlatformInitiator:51] - HHH000490: Using JtaPlatform implementation: [org.hibernate.engine.transaction.jta.platform.internal.NoJtaPlatform]
DEBUG 2023-11-15 17:12:48[restartedMain] [SqlStatementLogger.java - logStatement] [SQL:133] - alter table if exists offer_detail modify column dt_insert  datetime(6)
DEBUG 2023-11-15 17:12:48[restartedMain] [SqlStatementLogger.java - logStatement] [SQL:133] - alter table if exists offer_detail modify column dt_update  datetime(6)
DEBUG 2023-11-15 17:12:48[restartedMain] [SqlStatementLogger.java - logStatement] [SQL:133] - alter table if exists sv_commoncode modify column dt_insert  datetime(6)
DEBUG 2023-11-15 17:12:48[restartedMain] [SqlStatementLogger.java - logStatement] [SQL:133] - alter table if exists sv_commoncode modify column dt_update  datetime(6)
DEBUG 2023-11-15 17:12:48[restartedMain] [SqlStatementLogger.java - logStatement] [SQL:133] - alter table if exists sv_user modify column dt_end  datetime(6)
DEBUG 2023-11-15 17:12:48[restartedMain] [SqlStatementLogger.java - logStatement] [SQL:133] - alter table if exists sv_user modify column dt_insert  datetime(6)
DEBUG 2023-11-15 17:12:48[restartedMain] [SqlStatementLogger.java - logStatement] [SQL:133] - alter table if exists sv_user modify column dt_last  datetime(6)
DEBUG 2023-11-15 17:12:48[restartedMain] [SqlStatementLogger.java - logStatement] [SQL:133] - alter table if exists sv_user modify column dt_last_connect  datetime(6)
DEBUG 2023-11-15 17:12:48[restartedMain] [SqlStatementLogger.java - logStatement] [SQL:133] - alter table if exists sv_user modify column dt_start  datetime(6)
DEBUG 2023-11-15 17:12:48[restartedMain] [SqlStatementLogger.java - logStatement] [SQL:133] - alter table if exists sv_user modify column dt_update  datetime(6)
DEBUG 2023-11-15 17:12:48[restartedMain] [SqlStatementLogger.java - logStatement] [SQL:133] - alter table if exists sv_user_hist modify column dt_end  datetime(6)
DEBUG 2023-11-15 17:12:48[restartedMain] [SqlStatementLogger.java - logStatement] [SQL:133] - alter table if exists sv_user_hist modify column dt_insert  datetime(6)
DEBUG 2023-11-15 17:12:48[restartedMain] [SqlStatementLogger.java - logStatement] [SQL:133] - alter table if exists sv_user_hist modify column dt_last  datetime(6)
DEBUG 2023-11-15 17:12:48[restartedMain] [SqlStatementLogger.java - logStatement] [SQL:133] - alter table if exists sv_user_hist modify column dt_last_connect  datetime(6)
DEBUG 2023-11-15 17:12:48[restartedMain] [SqlStatementLogger.java - logStatement] [SQL:133] - alter table if exists sv_user_hist modify column dt_start  datetime(6)
DEBUG 2023-11-15 17:12:48[restartedMain] [SqlStatementLogger.java - logStatement] [SQL:133] - alter table if exists sv_user_hist modify column dt_update  datetime(6)
INFO  2023-11-15 17:12:48[restartedMain] [AbstractEntityManagerFactoryBean.java - buildNativeEntityManagerFactory] [LocalContainerEntityManagerFactoryBean:437] - Initialized JPA EntityManagerFactory for persistence unit 'default'
WARN  2023-11-15 17:12:49[restartedMain] [JpaBaseConfiguration.java - openEntityManagerInViewInterceptor] [JpaBaseConfiguration$JpaWebConfiguration:231] - spring.jpa.open-in-view is enabled by default. Therefore, database queries may be performed during view rendering. Explicitly configure spring.jpa.open-in-view to disable this warning
INFO  2023-11-15 17:12:49[restartedMain] [WelcomePageHandlerMapping.java - <init>] [WelcomePageHandlerMapping:57] - Adding welcome page: class path resource [static/index.html]
DEBUG 2023-11-15 17:12:49[restartedMain] [AbstractHandlerMethodMapping.java - handlerMethodsInitialized] [RequestMappingHandlerMapping:366] - 4 mappings in 'requestMappingHandlerMapping'
DEBUG 2023-11-15 17:12:49[restartedMain] [SimpleUrlHandlerMapping.java - logMappings] [SimpleUrlHandlerMapping:187] - Patterns [/webjars/**, /**] in 'resourceHandlerMapping'
INFO  2023-11-15 17:12:49[restartedMain] [DefaultSecurityFilterChain.java - <init>] [DefaultSecurityFilterChain:54] - Will secure any request with [org.springframework.security.web.session.DisableEncodeUrlFilter@38e01c74, org.springframework.security.web.context.request.async.WebAsyncManagerIntegrationFilter@61660fcf, org.springframework.security.web.context.SecurityContextHolderFilter@3e8441e5, org.springframework.security.web.header.HeaderWriterFilter@3326b2dc, org.springframework.security.web.csrf.CsrfFilter@4182b6de, org.springframework.security.web.authentication.logout.LogoutFilter@3eec6f48, org.springframework.security.web.authentication.UsernamePasswordAuthenticationFilter@4b8ae404, org.springframework.security.web.savedrequest.RequestCacheAwareFilter@136e98aa, org.springframework.security.web.servletapi.SecurityContextHolderAwareRequestFilter@e9cca15, org.springframework.security.web.authentication.AnonymousAuthenticationFilter@3d23052e, org.springframework.security.web.access.ExceptionTranslationFilter@60681c12, org.springframework.security.web.access.intercept.AuthorizationFilter@7953b050]
DEBUG 2023-11-15 17:12:49[restartedMain] [RequestMappingHandlerAdapter.java - initControllerAdviceCache] [RequestMappingHandlerAdapter:614] - ControllerAdvice beans: 0 @ModelAttribute, 0 @InitBinder, 1 RequestBodyAdvice, 1 ResponseBodyAdvice
DEBUG 2023-11-15 17:12:49[restartedMain] [ExceptionHandlerExceptionResolver.java - initExceptionHandlerAdviceCache] [ExceptionHandlerExceptionResolver:292] - ControllerAdvice beans: 0 @ExceptionHandler, 1 ResponseBodyAdvice
INFO  2023-11-15 17:12:49[restartedMain] [OptionalLiveReloadServer.java - startServer] [OptionalLiveReloadServer:59] - LiveReload server is running on port 35729
INFO  2023-11-15 17:12:49[restartedMain] [TomcatWebServer.java - start] [TomcatWebServer:220] - Tomcat started on port(s): 8080 (http) with context path '/api'
INFO  2023-11-15 17:12:49[restartedMain] [StartupInfoLogger.java - logStarted] [PhyApplication:57] - Started PhyApplication in 4.832 seconds (process running for 5.266)
INFO  2023-11-15 17:12:49[restartedMain] [JobLauncherApplicationRunner.java - run] [JobLauncherApplicationRunner:160] - Running default command line with: []
INFO  2023-11-15 17:12:56[http-nio-8080-exec-2] [DirectJDKLog.java - log] [[/api]:173] - Initializing Spring DispatcherServlet 'dispatcherServlet'
INFO  2023-11-15 17:12:56[http-nio-8080-exec-2] [FrameworkServlet.java - initServletBean] [DispatcherServlet:532] - Initializing Servlet 'dispatcherServlet'
DEBUG 2023-11-15 17:12:56[http-nio-8080-exec-2] [DispatcherServlet.java - initMultipartResolver] [DispatcherServlet:528] - Detected StandardServletMultipartResolver
DEBUG 2023-11-15 17:12:56[http-nio-8080-exec-2] [DispatcherServlet.java - initLocaleResolver] [DispatcherServlet:552] - Detected AcceptHeaderLocaleResolver
DEBUG 2023-11-15 17:12:56[http-nio-8080-exec-2] [DispatcherServlet.java - initThemeResolver] [DispatcherServlet:578] - Detected FixedThemeResolver
DEBUG 2023-11-15 17:12:56[http-nio-8080-exec-2] [DispatcherServlet.java - initRequestToViewNameTranslator] [DispatcherServlet:728] - Detected org.springframework.web.servlet.view.DefaultRequestToViewNameTranslator@e85b7e3
DEBUG 2023-11-15 17:12:56[http-nio-8080-exec-2] [DispatcherServlet.java - initFlashMapManager] [DispatcherServlet:792] - Detected org.springframework.web.servlet.support.SessionFlashMapManager@4425c62
DEBUG 2023-11-15 17:12:56[http-nio-8080-exec-2] [FrameworkServlet.java - initServletBean] [DispatcherServlet:549] - enableLoggingRequestDetails='false': request parameters and headers will be masked to prevent unsafe logging of potentially sensitive data
INFO  2023-11-15 17:12:56[http-nio-8080-exec-2] [FrameworkServlet.java - initServletBean] [DispatcherServlet:554] - Completed initialization in 1 ms
DEBUG 2023-11-15 17:12:56[http-nio-8080-exec-2] [AbstractHandlerMapping.java - getHandler] [RequestMappingHandlerMapping:528] - Mapped to org.springframework.boot.autoconfigure.web.servlet.error.BasicErrorController#error(HttpServletRequest)
DEBUG 2023-11-15 17:12:56[http-nio-8080-exec-2] [LogFormatUtils.java - traceDebug] [DispatcherServlet:120] - "ERROR" dispatch for POST "/api/error", parameters={}
DEBUG 2023-11-15 17:12:56[http-nio-8080-exec-2] [AbstractHandlerMapping.java - getHandler] [RequestMappingHandlerMapping:528] - Mapped to org.springframework.boot.autoconfigure.web.servlet.error.BasicErrorController#error(HttpServletRequest)
DEBUG 2023-11-15 17:12:56[http-nio-8080-exec-2] [AbstractMessageConverterMethodProcessor.java - writeWithMessageConverters] [HttpEntityMethodProcessor:275] - Using 'application/json', given [*/*] and supported [application/json, application/*+json]
DEBUG 2023-11-15 17:12:56[http-nio-8080-exec-2] [LogFormatUtils.java - traceDebug] [HttpEntityMethodProcessor:120] - Writing [{timestamp=Wed Nov 15 17:12:56 KST 2023, status=403, error=Forbidden, message=Forbidden, path=/api/o (truncated)...]
DEBUG 2023-11-15 17:12:56[http-nio-8080-exec-2] [FrameworkServlet.java - logResult] [DispatcherServlet:1132] - Exiting from "ERROR" dispatch, status 403
DEBUG 2023-11-15 17:16:02[http-nio-8080-exec-5] [LogFormatUtils.java - traceDebug] [DispatcherServlet:120] - GET "/api/", parameters={}
DEBUG 2023-11-15 17:16:02[http-nio-8080-exec-5] [ContentNegotiatingViewResolver.java - getBestView] [ContentNegotiatingViewResolver:354] - Selected 'text/html' given [text/html, application/xhtml+xml, image/avif, image/webp, image/apng, application/xml;q=0.9, */*;q=0.8, application/signed-exchange;v=b3;q=0.7]
DEBUG 2023-11-15 17:16:02[http-nio-8080-exec-5] [AbstractView.java - render] [InternalResourceView:307] - View name 'forward:', model {}
DEBUG 2023-11-15 17:16:02[http-nio-8080-exec-5] [InternalResourceView.java - renderMergedOutputModel] [InternalResourceView:169] - Forwarding to [index.html]
DEBUG 2023-11-15 17:16:02[http-nio-8080-exec-5] [AbstractHandlerMapping.java - getHandler] [SimpleUrlHandlerMapping:528] - Mapped to ResourceHttpRequestHandler [classpath [META-INF/resources/], classpath [resources/], classpath [static/], classpath [public/], ServletContext [/]]
DEBUG 2023-11-15 17:16:02[http-nio-8080-exec-5] [LogFormatUtils.java - traceDebug] [DispatcherServlet:120] - "FORWARD" dispatch for GET "/api/index.html", parameters={}
DEBUG 2023-11-15 17:16:02[http-nio-8080-exec-5] [AbstractHandlerMapping.java - getHandler] [SimpleUrlHandlerMapping:528] - Mapped to ResourceHttpRequestHandler [classpath [META-INF/resources/], classpath [resources/], classpath [static/], classpath [public/], ServletContext [/]]
DEBUG 2023-11-15 17:16:02[http-nio-8080-exec-5] [FrameworkServlet.java - logResult] [DispatcherServlet:1132] - Exiting from "FORWARD" dispatch, status 200
DEBUG 2023-11-15 17:16:02[http-nio-8080-exec-5] [FrameworkServlet.java - logResult] [DispatcherServlet:1135] - Completed 200 OK
DEBUG 2023-11-15 17:16:16[http-nio-8080-exec-7] [LogFormatUtils.java - traceDebug] [DispatcherServlet:120] - GET "/api/offer", parameters={}
WARN  2023-11-15 17:16:16[http-nio-8080-exec-7] [AbstractHandlerExceptionResolver.java - logException] [DefaultHandlerExceptionResolver:207] - Resolved [org.springframework.web.HttpRequestMethodNotSupportedException: Request method 'GET' is not supported]
DEBUG 2023-11-15 17:16:16[http-nio-8080-exec-7] [FrameworkServlet.java - logResult] [DispatcherServlet:1135] - Completed 405 METHOD_NOT_ALLOWED
DEBUG 2023-11-15 17:16:16[http-nio-8080-exec-7] [AbstractHandlerMapping.java - getHandler] [RequestMappingHandlerMapping:528] - Mapped to org.springframework.boot.autoconfigure.web.servlet.error.BasicErrorController#errorHtml(HttpServletRequest, HttpServletResponse)
DEBUG 2023-11-15 17:16:16[http-nio-8080-exec-7] [LogFormatUtils.java - traceDebug] [DispatcherServlet:120] - "ERROR" dispatch for GET "/api/error", parameters={}
DEBUG 2023-11-15 17:16:16[http-nio-8080-exec-7] [AbstractHandlerMapping.java - getHandler] [RequestMappingHandlerMapping:528] - Mapped to org.springframework.boot.autoconfigure.web.servlet.error.BasicErrorController#errorHtml(HttpServletRequest, HttpServletResponse)
DEBUG 2023-11-15 17:16:16[http-nio-8080-exec-7] [ContentNegotiatingViewResolver.java - getBestView] [ContentNegotiatingViewResolver:354] - Selected 'text/html' given [text/html, text/html;q=0.8]
DEBUG 2023-11-15 17:16:16[http-nio-8080-exec-7] [FrameworkServlet.java - logResult] [DispatcherServlet:1132] - Exiting from "ERROR" dispatch, status 405
DEBUG 2023-11-15 17:16:54[http-nio-8080-exec-8] [LogFormatUtils.java - traceDebug] [DispatcherServlet:120] - GET "/api/offer", parameters={}
WARN  2023-11-15 17:16:54[http-nio-8080-exec-8] [AbstractHandlerExceptionResolver.java - logException] [DefaultHandlerExceptionResolver:207] - Resolved [org.springframework.web.HttpRequestMethodNotSupportedException: Request method 'GET' is not supported]
DEBUG 2023-11-15 17:16:54[http-nio-8080-exec-8] [FrameworkServlet.java - logResult] [DispatcherServlet:1135] - Completed 405 METHOD_NOT_ALLOWED
DEBUG 2023-11-15 17:16:54[http-nio-8080-exec-8] [AbstractHandlerMapping.java - getHandler] [RequestMappingHandlerMapping:528] - Mapped to org.springframework.boot.autoconfigure.web.servlet.error.BasicErrorController#errorHtml(HttpServletRequest, HttpServletResponse)
DEBUG 2023-11-15 17:16:54[http-nio-8080-exec-8] [LogFormatUtils.java - traceDebug] [DispatcherServlet:120] - "ERROR" dispatch for GET "/api/error", parameters={}
DEBUG 2023-11-15 17:16:54[http-nio-8080-exec-8] [AbstractHandlerMapping.java - getHandler] [RequestMappingHandlerMapping:528] - Mapped to org.springframework.boot.autoconfigure.web.servlet.error.BasicErrorController#errorHtml(HttpServletRequest, HttpServletResponse)
DEBUG 2023-11-15 17:16:54[http-nio-8080-exec-8] [ContentNegotiatingViewResolver.java - getBestView] [ContentNegotiatingViewResolver:354] - Selected 'text/html' given [text/html, text/html;q=0.8]
DEBUG 2023-11-15 17:16:54[http-nio-8080-exec-8] [FrameworkServlet.java - logResult] [DispatcherServlet:1132] - Exiting from "ERROR" dispatch, status 405
DEBUG 2023-11-15 17:18:22[http-nio-8080-exec-1] [AbstractHandlerMapping.java - getHandler] [SimpleUrlHandlerMapping:528] - Mapped to ResourceHttpRequestHandler [classpath [META-INF/resources/], classpath [resources/], classpath [static/], classpath [public/], ServletContext [/]]
DEBUG 2023-11-15 17:18:22[http-nio-8080-exec-1] [LogFormatUtils.java - traceDebug] [DispatcherServlet:120] - GET "/api/admin", parameters={}
DEBUG 2023-11-15 17:18:22[http-nio-8080-exec-1] [AbstractHandlerMapping.java - getHandler] [SimpleUrlHandlerMapping:528] - Mapped to ResourceHttpRequestHandler [classpath [META-INF/resources/], classpath [resources/], classpath [static/], classpath [public/], ServletContext [/]]
DEBUG 2023-11-15 17:18:22[http-nio-8080-exec-1] [ResourceHttpRequestHandler.java - handleRequest] [ResourceHttpRequestHandler:557] - Resource not found
DEBUG 2023-11-15 17:18:22[http-nio-8080-exec-1] [FrameworkServlet.java - logResult] [DispatcherServlet:1135] - Completed 404 NOT_FOUND
DEBUG 2023-11-15 17:18:22[http-nio-8080-exec-1] [AbstractHandlerMapping.java - getHandler] [RequestMappingHandlerMapping:528] - Mapped to org.springframework.boot.autoconfigure.web.servlet.error.BasicErrorController#errorHtml(HttpServletRequest, HttpServletResponse)
DEBUG 2023-11-15 17:18:22[http-nio-8080-exec-1] [LogFormatUtils.java - traceDebug] [DispatcherServlet:120] - "ERROR" dispatch for GET "/api/error", parameters={}
DEBUG 2023-11-15 17:18:22[http-nio-8080-exec-1] [AbstractHandlerMapping.java - getHandler] [RequestMappingHandlerMapping:528] - Mapped to org.springframework.boot.autoconfigure.web.servlet.error.BasicErrorController#errorHtml(HttpServletRequest, HttpServletResponse)
DEBUG 2023-11-15 17:18:22[http-nio-8080-exec-1] [ContentNegotiatingViewResolver.java - getBestView] [ContentNegotiatingViewResolver:354] - Selected 'text/html' given [text/html, text/html;q=0.8]
DEBUG 2023-11-15 17:18:22[http-nio-8080-exec-1] [FrameworkServlet.java - logResult] [DispatcherServlet:1132] - Exiting from "ERROR" dispatch, status 404
DEBUG 2023-11-15 17:18:32[http-nio-8080-exec-2] [LogFormatUtils.java - traceDebug] [DispatcherServlet:120] - GET "/api/offer", parameters={}
WARN  2023-11-15 17:18:32[http-nio-8080-exec-2] [AbstractHandlerExceptionResolver.java - logException] [DefaultHandlerExceptionResolver:207] - Resolved [org.springframework.web.HttpRequestMethodNotSupportedException: Request method 'GET' is not supported]
DEBUG 2023-11-15 17:18:32[http-nio-8080-exec-2] [FrameworkServlet.java - logResult] [DispatcherServlet:1135] - Completed 405 METHOD_NOT_ALLOWED
DEBUG 2023-11-15 17:18:32[http-nio-8080-exec-2] [AbstractHandlerMapping.java - getHandler] [RequestMappingHandlerMapping:528] - Mapped to org.springframework.boot.autoconfigure.web.servlet.error.BasicErrorController#errorHtml(HttpServletRequest, HttpServletResponse)
DEBUG 2023-11-15 17:18:32[http-nio-8080-exec-2] [LogFormatUtils.java - traceDebug] [DispatcherServlet:120] - "ERROR" dispatch for GET "/api/error", parameters={}
DEBUG 2023-11-15 17:18:32[http-nio-8080-exec-2] [AbstractHandlerMapping.java - getHandler] [RequestMappingHandlerMapping:528] - Mapped to org.springframework.boot.autoconfigure.web.servlet.error.BasicErrorController#errorHtml(HttpServletRequest, HttpServletResponse)
DEBUG 2023-11-15 17:18:32[http-nio-8080-exec-2] [ContentNegotiatingViewResolver.java - getBestView] [ContentNegotiatingViewResolver:354] - Selected 'text/html' given [text/html, text/html;q=0.8]
DEBUG 2023-11-15 17:18:32[http-nio-8080-exec-2] [FrameworkServlet.java - logResult] [DispatcherServlet:1132] - Exiting from "ERROR" dispatch, status 405
INFO  2023-11-15 17:19:31[restartedMain] [StartupInfoLogger.java - logStarting] [PhyApplication:51] - Starting PhyApplication using Java 17.0.8 with PID 840 (C:\Users\kucne\Desktop\Kang\Back\backApi\build\classes\java\main started by kucne in C:\Users\kucne\Desktop\Kang\Back\backApi)
INFO  2023-11-15 17:19:31[restartedMain] [SpringApplication.java - logStartupProfileInfo] [PhyApplication:634] - No active profile set, falling back to 1 default profile: "default"
INFO  2023-11-15 17:19:31[restartedMain] [DeferredLog.java - logTo] [DevToolsPropertyDefaultsPostProcessor:250] - Devtools property defaults active! Set 'spring.devtools.add-properties' to 'false' to disable
INFO  2023-11-15 17:19:31[restartedMain] [DeferredLog.java - logTo] [DevToolsPropertyDefaultsPostProcessor:250] - For additional web related logging consider setting the 'logging.level.web' property to 'DEBUG'
INFO  2023-11-15 17:19:31[restartedMain] [RepositoryConfigurationDelegate.java - multipleStoresDetected] [RepositoryConfigurationDelegate:291] - Multiple Spring Data modules found, entering strict repository configuration mode
INFO  2023-11-15 17:19:31[restartedMain] [RepositoryConfigurationDelegate.java - registerRepositoriesIn] [RepositoryConfigurationDelegate:138] - Bootstrapping Spring Data JDBC repositories in DEFAULT mode.
INFO  2023-11-15 17:19:32[restartedMain] [RepositoryConfigurationExtensionSupport.java - isStrictRepositoryCandidate] [RepositoryConfigurationExtensionSupport:320] - Spring Data JDBC - Could not safely identify store assignment for repository candidate interface com.phy.Repository.SV_CommonCodeRepository; If you want this repository to be a JDBC repository, consider annotating your entities with one of these annotations: org.springframework.data.relational.core.mapping.Table.
INFO  2023-11-15 17:19:32[restartedMain] [RepositoryConfigurationExtensionSupport.java - isStrictRepositoryCandidate] [RepositoryConfigurationExtensionSupport:320] - Spring Data JDBC - Could not safely identify store assignment for repository candidate interface com.phy.Repository.SV_UserRepository; If you want this repository to be a JDBC repository, consider annotating your entities with one of these annotations: org.springframework.data.relational.core.mapping.Table.
INFO  2023-11-15 17:19:32[restartedMain] [RepositoryConfigurationDelegate.java - registerRepositoriesIn] [RepositoryConfigurationDelegate:208] - Finished Spring Data repository scanning in 32 ms. Found 0 JDBC repository interfaces.
INFO  2023-11-15 17:19:32[restartedMain] [RepositoryConfigurationDelegate.java - multipleStoresDetected] [RepositoryConfigurationDelegate:291] - Multiple Spring Data modules found, entering strict repository configuration mode
INFO  2023-11-15 17:19:32[restartedMain] [RepositoryConfigurationDelegate.java - registerRepositoriesIn] [RepositoryConfigurationDelegate:138] - Bootstrapping Spring Data JPA repositories in DEFAULT mode.
INFO  2023-11-15 17:19:32[restartedMain] [RepositoryConfigurationDelegate.java - registerRepositoriesIn] [RepositoryConfigurationDelegate:208] - Finished Spring Data repository scanning in 31 ms. Found 2 JPA repository interfaces.
INFO  2023-11-15 17:19:32[restartedMain] [TomcatWebServer.java - initialize] [TomcatWebServer:108] - Tomcat initialized with port(s): 8080 (http)
INFO  2023-11-15 17:19:32[restartedMain] [DirectJDKLog.java - log] [StandardService:173] - Starting service [Tomcat]
INFO  2023-11-15 17:19:32[restartedMain] [DirectJDKLog.java - log] [StandardEngine:173] - Starting Servlet engine: [Apache Tomcat/10.1.11]
INFO  2023-11-15 17:19:32[restartedMain] [DirectJDKLog.java - log] [[/api]:173] - Initializing Spring embedded WebApplicationContext
INFO  2023-11-15 17:19:32[restartedMain] [ServletWebServerApplicationContext.java - prepareWebApplicationContext] [ServletWebServerApplicationContext:291] - Root WebApplicationContext: initialization completed in 1660 ms
INFO  2023-11-15 17:19:33[restartedMain] [LogHelper.java - logPersistenceUnitInformation] [LogHelper:31] - HHH000204: Processing PersistenceUnitInfo [name: default]
INFO  2023-11-15 17:19:33[restartedMain] [Version.java - logVersion] [Version:44] - HHH000412: Hibernate ORM core version 6.2.6.Final
INFO  2023-11-15 17:19:33[restartedMain] [Environment.java - <clinit>] [Environment:191] - HHH000406: Using bytecode reflection optimizer
INFO  2023-11-15 17:19:33[restartedMain] [BytecodeProviderInitiator.java - buildBytecodeProvider] [BytecodeProviderInitiator:53] - HHH000021: Bytecode provider name : bytebuddy
INFO  2023-11-15 17:19:33[restartedMain] [SpringPersistenceUnitInfo.java - addTransformer] [SpringPersistenceUnitInfo:87] - No LoadTimeWeaver setup: ignoring JPA class transformer
INFO  2023-11-15 17:19:33[restartedMain] [HikariDataSource.java - getConnection] [HikariDataSource:110] - HikariPool-1 - Starting...
INFO  2023-11-15 17:19:33[restartedMain] [HikariPool.java - checkFailFast] [HikariPool:565] - HikariPool-1 - Added connection org.mariadb.jdbc.Connection@4d8ae66b
INFO  2023-11-15 17:19:33[restartedMain] [HikariDataSource.java - getConnection] [HikariDataSource:123] - HikariPool-1 - Start completed.
INFO  2023-11-15 17:19:33[restartedMain] [BytecodeProviderInitiator.java - buildBytecodeProvider] [BytecodeProviderInitiator:53] - HHH000021: Bytecode provider name : bytebuddy
INFO  2023-11-15 17:19:34[restartedMain] [JtaPlatformInitiator.java - initiateService] [JtaPlatformInitiator:51] - HHH000490: Using JtaPlatform implementation: [org.hibernate.engine.transaction.jta.platform.internal.NoJtaPlatform]
DEBUG 2023-11-15 17:19:34[restartedMain] [SqlStatementLogger.java - logStatement] [SQL:133] - alter table if exists offer_detail modify column dt_insert  datetime(6)
DEBUG 2023-11-15 17:19:34[restartedMain] [SqlStatementLogger.java - logStatement] [SQL:133] - alter table if exists offer_detail modify column dt_update  datetime(6)
DEBUG 2023-11-15 17:19:34[restartedMain] [SqlStatementLogger.java - logStatement] [SQL:133] - alter table if exists sv_commoncode modify column dt_insert  datetime(6)
DEBUG 2023-11-15 17:19:34[restartedMain] [SqlStatementLogger.java - logStatement] [SQL:133] - alter table if exists sv_commoncode modify column dt_update  datetime(6)
DEBUG 2023-11-15 17:19:34[restartedMain] [SqlStatementLogger.java - logStatement] [SQL:133] - alter table if exists sv_user modify column dt_end  datetime(6)
DEBUG 2023-11-15 17:19:34[restartedMain] [SqlStatementLogger.java - logStatement] [SQL:133] - alter table if exists sv_user modify column dt_insert  datetime(6)
DEBUG 2023-11-15 17:19:34[restartedMain] [SqlStatementLogger.java - logStatement] [SQL:133] - alter table if exists sv_user modify column dt_last  datetime(6)
DEBUG 2023-11-15 17:19:34[restartedMain] [SqlStatementLogger.java - logStatement] [SQL:133] - alter table if exists sv_user modify column dt_last_connect  datetime(6)
DEBUG 2023-11-15 17:19:34[restartedMain] [SqlStatementLogger.java - logStatement] [SQL:133] - alter table if exists sv_user modify column dt_start  datetime(6)
DEBUG 2023-11-15 17:19:34[restartedMain] [SqlStatementLogger.java - logStatement] [SQL:133] - alter table if exists sv_user modify column dt_update  datetime(6)
DEBUG 2023-11-15 17:19:34[restartedMain] [SqlStatementLogger.java - logStatement] [SQL:133] - alter table if exists sv_user_hist modify column dt_end  datetime(6)
DEBUG 2023-11-15 17:19:34[restartedMain] [SqlStatementLogger.java - logStatement] [SQL:133] - alter table if exists sv_user_hist modify column dt_insert  datetime(6)
DEBUG 2023-11-15 17:19:34[restartedMain] [SqlStatementLogger.java - logStatement] [SQL:133] - alter table if exists sv_user_hist modify column dt_last  datetime(6)
DEBUG 2023-11-15 17:19:34[restartedMain] [SqlStatementLogger.java - logStatement] [SQL:133] - alter table if exists sv_user_hist modify column dt_last_connect  datetime(6)
DEBUG 2023-11-15 17:19:34[restartedMain] [SqlStatementLogger.java - logStatement] [SQL:133] - alter table if exists sv_user_hist modify column dt_start  datetime(6)
DEBUG 2023-11-15 17:19:34[restartedMain] [SqlStatementLogger.java - logStatement] [SQL:133] - alter table if exists sv_user_hist modify column dt_update  datetime(6)
INFO  2023-11-15 17:19:34[restartedMain] [AbstractEntityManagerFactoryBean.java - buildNativeEntityManagerFactory] [LocalContainerEntityManagerFactoryBean:437] - Initialized JPA EntityManagerFactory for persistence unit 'default'
WARN  2023-11-15 17:19:35[restartedMain] [JpaBaseConfiguration.java - openEntityManagerInViewInterceptor] [JpaBaseConfiguration$JpaWebConfiguration:231] - spring.jpa.open-in-view is enabled by default. Therefore, database queries may be performed during view rendering. Explicitly configure spring.jpa.open-in-view to disable this warning
INFO  2023-11-15 17:19:35[restartedMain] [WelcomePageHandlerMapping.java - <init>] [WelcomePageHandlerMapping:57] - Adding welcome page: class path resource [static/index.html]
DEBUG 2023-11-15 17:19:35[restartedMain] [AbstractHandlerMethodMapping.java - handlerMethodsInitialized] [RequestMappingHandlerMapping:366] - 5 mappings in 'requestMappingHandlerMapping'
DEBUG 2023-11-15 17:19:35[restartedMain] [SimpleUrlHandlerMapping.java - logMappings] [SimpleUrlHandlerMapping:187] - Patterns [/webjars/**, /**] in 'resourceHandlerMapping'
INFO  2023-11-15 17:19:35[restartedMain] [DefaultSecurityFilterChain.java - <init>] [DefaultSecurityFilterChain:54] - Will secure any request with [org.springframework.security.web.session.DisableEncodeUrlFilter@3a483878, org.springframework.security.web.context.request.async.WebAsyncManagerIntegrationFilter@196c7c0e, org.springframework.security.web.context.SecurityContextHolderFilter@18202805, org.springframework.security.web.header.HeaderWriterFilter@9fb854b, org.springframework.security.web.csrf.CsrfFilter@475ae7a4, org.springframework.security.web.authentication.logout.LogoutFilter@3d23052e, org.springframework.security.web.authentication.UsernamePasswordAuthenticationFilter@272a45a, org.springframework.security.web.savedrequest.RequestCacheAwareFilter@2847fc75, org.springframework.security.web.servletapi.SecurityContextHolderAwareRequestFilter@6408e4bd, org.springframework.security.web.authentication.AnonymousAuthenticationFilter@ce98768, org.springframework.security.web.access.ExceptionTranslationFilter@14a514fe, org.springframework.security.web.access.intercept.AuthorizationFilter@25d64b65]
DEBUG 2023-11-15 17:19:35[restartedMain] [RequestMappingHandlerAdapter.java - initControllerAdviceCache] [RequestMappingHandlerAdapter:614] - ControllerAdvice beans: 0 @ModelAttribute, 0 @InitBinder, 1 RequestBodyAdvice, 1 ResponseBodyAdvice
DEBUG 2023-11-15 17:19:35[restartedMain] [ExceptionHandlerExceptionResolver.java - initExceptionHandlerAdviceCache] [ExceptionHandlerExceptionResolver:292] - ControllerAdvice beans: 0 @ExceptionHandler, 1 ResponseBodyAdvice
INFO  2023-11-15 17:19:35[restartedMain] [OptionalLiveReloadServer.java - startServer] [OptionalLiveReloadServer:59] - LiveReload server is running on port 35729
INFO  2023-11-15 17:19:35[restartedMain] [TomcatWebServer.java - start] [TomcatWebServer:220] - Tomcat started on port(s): 8080 (http) with context path '/api'
INFO  2023-11-15 17:19:35[restartedMain] [StartupInfoLogger.java - logStarted] [PhyApplication:57] - Started PhyApplication in 5.015 seconds (process running for 5.489)
INFO  2023-11-15 17:19:35[restartedMain] [JobLauncherApplicationRunner.java - run] [JobLauncherApplicationRunner:160] - Running default command line with: []
INFO  2023-11-15 17:19:45[http-nio-8080-exec-1] [DirectJDKLog.java - log] [[/api]:173] - Initializing Spring DispatcherServlet 'dispatcherServlet'
INFO  2023-11-15 17:19:45[http-nio-8080-exec-1] [FrameworkServlet.java - initServletBean] [DispatcherServlet:532] - Initializing Servlet 'dispatcherServlet'
DEBUG 2023-11-15 17:19:45[http-nio-8080-exec-1] [DispatcherServlet.java - initMultipartResolver] [DispatcherServlet:528] - Detected StandardServletMultipartResolver
DEBUG 2023-11-15 17:19:45[http-nio-8080-exec-1] [DispatcherServlet.java - initLocaleResolver] [DispatcherServlet:552] - Detected AcceptHeaderLocaleResolver
DEBUG 2023-11-15 17:19:45[http-nio-8080-exec-1] [DispatcherServlet.java - initThemeResolver] [DispatcherServlet:578] - Detected FixedThemeResolver
DEBUG 2023-11-15 17:19:45[http-nio-8080-exec-1] [DispatcherServlet.java - initRequestToViewNameTranslator] [DispatcherServlet:728] - Detected org.springframework.web.servlet.view.DefaultRequestToViewNameTranslator@4b187a14
DEBUG 2023-11-15 17:19:45[http-nio-8080-exec-1] [DispatcherServlet.java - initFlashMapManager] [DispatcherServlet:792] - Detected org.springframework.web.servlet.support.SessionFlashMapManager@679267c1
DEBUG 2023-11-15 17:19:45[http-nio-8080-exec-1] [FrameworkServlet.java - initServletBean] [DispatcherServlet:549] - enableLoggingRequestDetails='false': request parameters and headers will be masked to prevent unsafe logging of potentially sensitive data
INFO  2023-11-15 17:19:45[http-nio-8080-exec-1] [FrameworkServlet.java - initServletBean] [DispatcherServlet:554] - Completed initialization in 3 ms
DEBUG 2023-11-15 17:19:45[http-nio-8080-exec-1] [AbstractHandlerMapping.java - getHandler] [RequestMappingHandlerMapping:528] - Mapped to com.phy.Controller.OfferController#readOffer()
DEBUG 2023-11-15 17:19:45[http-nio-8080-exec-1] [LogFormatUtils.java - traceDebug] [DispatcherServlet:120] - GET "/api/offer", parameters={}
DEBUG 2023-11-15 17:19:45[http-nio-8080-exec-1] [AbstractHandlerMapping.java - getHandler] [RequestMappingHandlerMapping:528] - Mapped to com.phy.Controller.OfferController#readOffer()
DEBUG 2023-11-15 17:19:45[http-nio-8080-exec-1] [AbstractMessageConverterMethodProcessor.java - writeWithMessageConverters] [RequestResponseBodyMethodProcessor:275] - Using 'application/json', given [*/*] and supported [application/json, application/*+json]
DEBUG 2023-11-15 17:19:45[http-nio-8080-exec-1] [AbstractMessageConverterMethodProcessor.java - writeWithMessageConverters] [RequestResponseBodyMethodProcessor:305] - Nothing to write: null body
DEBUG 2023-11-15 17:19:45[http-nio-8080-exec-1] [FrameworkServlet.java - logResult] [DispatcherServlet:1135] - Completed 200 OK
INFO  2023-11-15 17:20:33[restartedMain] [StartupInfoLogger.java - logStarting] [PhyApplication:51] - Starting PhyApplication using Java 17.0.8 with PID 10628 (C:\Users\kucne\Desktop\Kang\Back\backApi\build\classes\java\main started by kucne in C:\Users\kucne\Desktop\Kang\Back\backApi)
INFO  2023-11-15 17:20:33[restartedMain] [SpringApplication.java - logStartupProfileInfo] [PhyApplication:634] - No active profile set, falling back to 1 default profile: "default"
INFO  2023-11-15 17:20:33[restartedMain] [DeferredLog.java - logTo] [DevToolsPropertyDefaultsPostProcessor:250] - Devtools property defaults active! Set 'spring.devtools.add-properties' to 'false' to disable
INFO  2023-11-15 17:20:33[restartedMain] [DeferredLog.java - logTo] [DevToolsPropertyDefaultsPostProcessor:250] - For additional web related logging consider setting the 'logging.level.web' property to 'DEBUG'
INFO  2023-11-15 17:20:33[restartedMain] [RepositoryConfigurationDelegate.java - multipleStoresDetected] [RepositoryConfigurationDelegate:291] - Multiple Spring Data modules found, entering strict repository configuration mode
INFO  2023-11-15 17:20:33[restartedMain] [RepositoryConfigurationDelegate.java - registerRepositoriesIn] [RepositoryConfigurationDelegate:138] - Bootstrapping Spring Data JDBC repositories in DEFAULT mode.
INFO  2023-11-15 17:20:33[restartedMain] [RepositoryConfigurationExtensionSupport.java - isStrictRepositoryCandidate] [RepositoryConfigurationExtensionSupport:320] - Spring Data JDBC - Could not safely identify store assignment for repository candidate interface com.phy.Repository.SV_CommonCodeRepository; If you want this repository to be a JDBC repository, consider annotating your entities with one of these annotations: org.springframework.data.relational.core.mapping.Table.
INFO  2023-11-15 17:20:33[restartedMain] [RepositoryConfigurationExtensionSupport.java - isStrictRepositoryCandidate] [RepositoryConfigurationExtensionSupport:320] - Spring Data JDBC - Could not safely identify store assignment for repository candidate interface com.phy.Repository.SV_UserRepository; If you want this repository to be a JDBC repository, consider annotating your entities with one of these annotations: org.springframework.data.relational.core.mapping.Table.
INFO  2023-11-15 17:20:33[restartedMain] [RepositoryConfigurationDelegate.java - registerRepositoriesIn] [RepositoryConfigurationDelegate:208] - Finished Spring Data repository scanning in 30 ms. Found 0 JDBC repository interfaces.
INFO  2023-11-15 17:20:33[restartedMain] [RepositoryConfigurationDelegate.java - multipleStoresDetected] [RepositoryConfigurationDelegate:291] - Multiple Spring Data modules found, entering strict repository configuration mode
INFO  2023-11-15 17:20:33[restartedMain] [RepositoryConfigurationDelegate.java - registerRepositoriesIn] [RepositoryConfigurationDelegate:138] - Bootstrapping Spring Data JPA repositories in DEFAULT mode.
INFO  2023-11-15 17:20:33[restartedMain] [RepositoryConfigurationDelegate.java - registerRepositoriesIn] [RepositoryConfigurationDelegate:208] - Finished Spring Data repository scanning in 28 ms. Found 2 JPA repository interfaces.
INFO  2023-11-15 17:20:34[restartedMain] [TomcatWebServer.java - initialize] [TomcatWebServer:108] - Tomcat initialized with port(s): 8080 (http)
INFO  2023-11-15 17:20:34[restartedMain] [DirectJDKLog.java - log] [StandardService:173] - Starting service [Tomcat]
INFO  2023-11-15 17:20:34[restartedMain] [DirectJDKLog.java - log] [StandardEngine:173] - Starting Servlet engine: [Apache Tomcat/10.1.11]
INFO  2023-11-15 17:20:34[restartedMain] [DirectJDKLog.java - log] [[/api]:173] - Initializing Spring embedded WebApplicationContext
INFO  2023-11-15 17:20:34[restartedMain] [ServletWebServerApplicationContext.java - prepareWebApplicationContext] [ServletWebServerApplicationContext:291] - Root WebApplicationContext: initialization completed in 1606 ms
INFO  2023-11-15 17:20:34[restartedMain] [LogHelper.java - logPersistenceUnitInformation] [LogHelper:31] - HHH000204: Processing PersistenceUnitInfo [name: default]
INFO  2023-11-15 17:20:34[restartedMain] [Version.java - logVersion] [Version:44] - HHH000412: Hibernate ORM core version 6.2.6.Final
INFO  2023-11-15 17:20:34[restartedMain] [Environment.java - <clinit>] [Environment:191] - HHH000406: Using bytecode reflection optimizer
INFO  2023-11-15 17:20:35[restartedMain] [BytecodeProviderInitiator.java - buildBytecodeProvider] [BytecodeProviderInitiator:53] - HHH000021: Bytecode provider name : bytebuddy
INFO  2023-11-15 17:20:35[restartedMain] [SpringPersistenceUnitInfo.java - addTransformer] [SpringPersistenceUnitInfo:87] - No LoadTimeWeaver setup: ignoring JPA class transformer
INFO  2023-11-15 17:20:35[restartedMain] [HikariDataSource.java - getConnection] [HikariDataSource:110] - HikariPool-1 - Starting...
INFO  2023-11-15 17:20:35[restartedMain] [HikariPool.java - checkFailFast] [HikariPool:565] - HikariPool-1 - Added connection org.mariadb.jdbc.Connection@4d8ae66b
INFO  2023-11-15 17:20:35[restartedMain] [HikariDataSource.java - getConnection] [HikariDataSource:123] - HikariPool-1 - Start completed.
INFO  2023-11-15 17:20:35[restartedMain] [BytecodeProviderInitiator.java - buildBytecodeProvider] [BytecodeProviderInitiator:53] - HHH000021: Bytecode provider name : bytebuddy
INFO  2023-11-15 17:20:36[restartedMain] [JtaPlatformInitiator.java - initiateService] [JtaPlatformInitiator:51] - HHH000490: Using JtaPlatform implementation: [org.hibernate.engine.transaction.jta.platform.internal.NoJtaPlatform]
DEBUG 2023-11-15 17:20:36[restartedMain] [SqlStatementLogger.java - logStatement] [SQL:133] - alter table if exists offer_detail modify column dt_insert  datetime(6)
DEBUG 2023-11-15 17:20:36[restartedMain] [SqlStatementLogger.java - logStatement] [SQL:133] - alter table if exists offer_detail modify column dt_update  datetime(6)
DEBUG 2023-11-15 17:20:36[restartedMain] [SqlStatementLogger.java - logStatement] [SQL:133] - alter table if exists sv_commoncode modify column dt_insert  datetime(6)
DEBUG 2023-11-15 17:20:36[restartedMain] [SqlStatementLogger.java - logStatement] [SQL:133] - alter table if exists sv_commoncode modify column dt_update  datetime(6)
DEBUG 2023-11-15 17:20:36[restartedMain] [SqlStatementLogger.java - logStatement] [SQL:133] - alter table if exists sv_user modify column dt_end  datetime(6)
DEBUG 2023-11-15 17:20:36[restartedMain] [SqlStatementLogger.java - logStatement] [SQL:133] - alter table if exists sv_user modify column dt_insert  datetime(6)
DEBUG 2023-11-15 17:20:36[restartedMain] [SqlStatementLogger.java - logStatement] [SQL:133] - alter table if exists sv_user modify column dt_last  datetime(6)
DEBUG 2023-11-15 17:20:36[restartedMain] [SqlStatementLogger.java - logStatement] [SQL:133] - alter table if exists sv_user modify column dt_last_connect  datetime(6)
DEBUG 2023-11-15 17:20:36[restartedMain] [SqlStatementLogger.java - logStatement] [SQL:133] - alter table if exists sv_user modify column dt_start  datetime(6)
DEBUG 2023-11-15 17:20:36[restartedMain] [SqlStatementLogger.java - logStatement] [SQL:133] - alter table if exists sv_user modify column dt_update  datetime(6)
DEBUG 2023-11-15 17:20:36[restartedMain] [SqlStatementLogger.java - logStatement] [SQL:133] - alter table if exists sv_user_hist modify column dt_end  datetime(6)
DEBUG 2023-11-15 17:20:36[restartedMain] [SqlStatementLogger.java - logStatement] [SQL:133] - alter table if exists sv_user_hist modify column dt_insert  datetime(6)
DEBUG 2023-11-15 17:20:36[restartedMain] [SqlStatementLogger.java - logStatement] [SQL:133] - alter table if exists sv_user_hist modify column dt_last  datetime(6)
DEBUG 2023-11-15 17:20:36[restartedMain] [SqlStatementLogger.java - logStatement] [SQL:133] - alter table if exists sv_user_hist modify column dt_last_connect  datetime(6)
DEBUG 2023-11-15 17:20:36[restartedMain] [SqlStatementLogger.java - logStatement] [SQL:133] - alter table if exists sv_user_hist modify column dt_start  datetime(6)
DEBUG 2023-11-15 17:20:36[restartedMain] [SqlStatementLogger.java - logStatement] [SQL:133] - alter table if exists sv_user_hist modify column dt_update  datetime(6)
INFO  2023-11-15 17:20:36[restartedMain] [AbstractEntityManagerFactoryBean.java - buildNativeEntityManagerFactory] [LocalContainerEntityManagerFactoryBean:437] - Initialized JPA EntityManagerFactory for persistence unit 'default'
WARN  2023-11-15 17:20:36[restartedMain] [JpaBaseConfiguration.java - openEntityManagerInViewInterceptor] [JpaBaseConfiguration$JpaWebConfiguration:231] - spring.jpa.open-in-view is enabled by default. Therefore, database queries may be performed during view rendering. Explicitly configure spring.jpa.open-in-view to disable this warning
INFO  2023-11-15 17:20:37[restartedMain] [WelcomePageHandlerMapping.java - <init>] [WelcomePageHandlerMapping:57] - Adding welcome page: class path resource [static/index.html]
DEBUG 2023-11-15 17:20:37[restartedMain] [AbstractHandlerMethodMapping.java - handlerMethodsInitialized] [RequestMappingHandlerMapping:366] - 5 mappings in 'requestMappingHandlerMapping'
DEBUG 2023-11-15 17:20:37[restartedMain] [SimpleUrlHandlerMapping.java - logMappings] [SimpleUrlHandlerMapping:187] - Patterns [/webjars/**, /**] in 'resourceHandlerMapping'
INFO  2023-11-15 17:20:37[restartedMain] [DefaultSecurityFilterChain.java - <init>] [DefaultSecurityFilterChain:54] - Will secure any request with [org.springframework.security.web.session.DisableEncodeUrlFilter@3a483878, org.springframework.security.web.context.request.async.WebAsyncManagerIntegrationFilter@196c7c0e, org.springframework.security.web.context.SecurityContextHolderFilter@18202805, org.springframework.security.web.header.HeaderWriterFilter@9fb854b, org.springframework.security.web.csrf.CsrfFilter@475ae7a4, org.springframework.security.web.authentication.logout.LogoutFilter@3d23052e, org.springframework.security.web.authentication.UsernamePasswordAuthenticationFilter@272a45a, org.springframework.security.web.savedrequest.RequestCacheAwareFilter@2847fc75, org.springframework.security.web.servletapi.SecurityContextHolderAwareRequestFilter@6408e4bd, org.springframework.security.web.authentication.AnonymousAuthenticationFilter@ce98768, org.springframework.security.web.access.ExceptionTranslationFilter@14a514fe, org.springframework.security.web.access.intercept.AuthorizationFilter@25d64b65]
DEBUG 2023-11-15 17:20:37[restartedMain] [RequestMappingHandlerAdapter.java - initControllerAdviceCache] [RequestMappingHandlerAdapter:614] - ControllerAdvice beans: 0 @ModelAttribute, 0 @InitBinder, 1 RequestBodyAdvice, 1 ResponseBodyAdvice
DEBUG 2023-11-15 17:20:37[restartedMain] [ExceptionHandlerExceptionResolver.java - initExceptionHandlerAdviceCache] [ExceptionHandlerExceptionResolver:292] - ControllerAdvice beans: 0 @ExceptionHandler, 1 ResponseBodyAdvice
INFO  2023-11-15 17:20:37[restartedMain] [OptionalLiveReloadServer.java - startServer] [OptionalLiveReloadServer:59] - LiveReload server is running on port 35729
INFO  2023-11-15 17:20:37[restartedMain] [TomcatWebServer.java - start] [TomcatWebServer:220] - Tomcat started on port(s): 8080 (http) with context path '/api'
INFO  2023-11-15 17:20:37[restartedMain] [StartupInfoLogger.java - logStarted] [PhyApplication:57] - Started PhyApplication in 4.924 seconds (process running for 5.39)
INFO  2023-11-15 17:20:37[restartedMain] [JobLauncherApplicationRunner.java - run] [JobLauncherApplicationRunner:160] - Running default command line with: []
INFO  2023-11-15 17:20:48[http-nio-8080-exec-1] [DirectJDKLog.java - log] [[/api]:173] - Initializing Spring DispatcherServlet 'dispatcherServlet'
INFO  2023-11-15 17:20:48[http-nio-8080-exec-1] [FrameworkServlet.java - initServletBean] [DispatcherServlet:532] - Initializing Servlet 'dispatcherServlet'
DEBUG 2023-11-15 17:20:48[http-nio-8080-exec-1] [DispatcherServlet.java - initMultipartResolver] [DispatcherServlet:528] - Detected StandardServletMultipartResolver
DEBUG 2023-11-15 17:20:48[http-nio-8080-exec-1] [DispatcherServlet.java - initLocaleResolver] [DispatcherServlet:552] - Detected AcceptHeaderLocaleResolver
DEBUG 2023-11-15 17:20:48[http-nio-8080-exec-1] [DispatcherServlet.java - initThemeResolver] [DispatcherServlet:578] - Detected FixedThemeResolver
DEBUG 2023-11-15 17:20:48[http-nio-8080-exec-1] [DispatcherServlet.java - initRequestToViewNameTranslator] [DispatcherServlet:728] - Detected org.springframework.web.servlet.view.DefaultRequestToViewNameTranslator@4b187a14
DEBUG 2023-11-15 17:20:48[http-nio-8080-exec-1] [DispatcherServlet.java - initFlashMapManager] [DispatcherServlet:792] - Detected org.springframework.web.servlet.support.SessionFlashMapManager@679267c1
DEBUG 2023-11-15 17:20:48[http-nio-8080-exec-1] [FrameworkServlet.java - initServletBean] [DispatcherServlet:549] - enableLoggingRequestDetails='false': request parameters and headers will be masked to prevent unsafe logging of potentially sensitive data
INFO  2023-11-15 17:20:48[http-nio-8080-exec-1] [FrameworkServlet.java - initServletBean] [DispatcherServlet:554] - Completed initialization in 3 ms
DEBUG 2023-11-15 17:20:48[http-nio-8080-exec-1] [AbstractHandlerMapping.java - getHandler] [RequestMappingHandlerMapping:528] - Mapped to com.phy.Controller.OfferController#readOffer()
DEBUG 2023-11-15 17:20:49[http-nio-8080-exec-1] [LogFormatUtils.java - traceDebug] [DispatcherServlet:120] - GET "/api/offer", parameters={}
DEBUG 2023-11-15 17:20:49[http-nio-8080-exec-1] [AbstractHandlerMapping.java - getHandler] [RequestMappingHandlerMapping:528] - Mapped to com.phy.Controller.OfferController#readOffer()
DEBUG 2023-11-15 17:20:49[http-nio-8080-exec-1] [AbstractMessageConverterMethodProcessor.java - writeWithMessageConverters] [RequestResponseBodyMethodProcessor:275] - Using 'application/json', given [*/*] and supported [application/json, application/*+json]
DEBUG 2023-11-15 17:20:49[http-nio-8080-exec-1] [AbstractMessageConverterMethodProcessor.java - writeWithMessageConverters] [RequestResponseBodyMethodProcessor:305] - Nothing to write: null body
DEBUG 2023-11-15 17:20:49[http-nio-8080-exec-1] [FrameworkServlet.java - logResult] [DispatcherServlet:1135] - Completed 200 OK
WARN  2023-11-15 17:53:18[HikariPool-1 housekeeper] [HikariPool.java - run] [HikariPool:804] - HikariPool-1 - Thread starvation or clock leap detected (housekeeper delta=19m14s559ms825µs700ns).
