INFO  2023-11-16 09:24:21[restartedMain] [StartupInfoLogger.java - logStarting] [PhyApplication:51] - Starting PhyApplication using Java 17.0.8 with PID 17832 (C:\Users\kucne\Desktop\Kang\Back\backApi\build\classes\java\main started by kucne in C:\Users\kucne\Desktop\Kang\Back\backApi)
INFO  2023-11-16 09:24:21[restartedMain] [SpringApplication.java - logStartupProfileInfo] [PhyApplication:634] - No active profile set, falling back to 1 default profile: "default"
INFO  2023-11-16 09:24:21[restartedMain] [DeferredLog.java - logTo] [DevToolsPropertyDefaultsPostProcessor:250] - Devtools property defaults active! Set 'spring.devtools.add-properties' to 'false' to disable
INFO  2023-11-16 09:24:21[restartedMain] [DeferredLog.java - logTo] [DevToolsPropertyDefaultsPostProcessor:250] - For additional web related logging consider setting the 'logging.level.web' property to 'DEBUG'
INFO  2023-11-16 09:24:22[restartedMain] [RepositoryConfigurationDelegate.java - multipleStoresDetected] [RepositoryConfigurationDelegate:291] - Multiple Spring Data modules found, entering strict repository configuration mode
INFO  2023-11-16 09:24:22[restartedMain] [RepositoryConfigurationDelegate.java - registerRepositoriesIn] [RepositoryConfigurationDelegate:138] - Bootstrapping Spring Data JDBC repositories in DEFAULT mode.
INFO  2023-11-16 09:24:22[restartedMain] [RepositoryConfigurationExtensionSupport.java - isStrictRepositoryCandidate] [RepositoryConfigurationExtensionSupport:320] - Spring Data JDBC - Could not safely identify store assignment for repository candidate interface com.phy.Repository.OfferRepository; If you want this repository to be a JDBC repository, consider annotating your entities with one of these annotations: org.springframework.data.relational.core.mapping.Table.
INFO  2023-11-16 09:24:22[restartedMain] [RepositoryConfigurationExtensionSupport.java - isStrictRepositoryCandidate] [RepositoryConfigurationExtensionSupport:320] - Spring Data JDBC - Could not safely identify store assignment for repository candidate interface com.phy.Repository.SV_CommonCodeRepository; If you want this repository to be a JDBC repository, consider annotating your entities with one of these annotations: org.springframework.data.relational.core.mapping.Table.
INFO  2023-11-16 09:24:22[restartedMain] [RepositoryConfigurationExtensionSupport.java - isStrictRepositoryCandidate] [RepositoryConfigurationExtensionSupport:320] - Spring Data JDBC - Could not safely identify store assignment for repository candidate interface com.phy.Repository.SV_UserRepository; If you want this repository to be a JDBC repository, consider annotating your entities with one of these annotations: org.springframework.data.relational.core.mapping.Table.
INFO  2023-11-16 09:24:22[restartedMain] [RepositoryConfigurationDelegate.java - registerRepositoriesIn] [RepositoryConfigurationDelegate:208] - Finished Spring Data repository scanning in 33 ms. Found 0 JDBC repository interfaces.
INFO  2023-11-16 09:24:22[restartedMain] [RepositoryConfigurationDelegate.java - multipleStoresDetected] [RepositoryConfigurationDelegate:291] - Multiple Spring Data modules found, entering strict repository configuration mode
INFO  2023-11-16 09:24:22[restartedMain] [RepositoryConfigurationDelegate.java - registerRepositoriesIn] [RepositoryConfigurationDelegate:138] - Bootstrapping Spring Data JPA repositories in DEFAULT mode.
INFO  2023-11-16 09:24:22[restartedMain] [RepositoryConfigurationDelegate.java - registerRepositoriesIn] [RepositoryConfigurationDelegate:208] - Finished Spring Data repository scanning in 31 ms. Found 3 JPA repository interfaces.
INFO  2023-11-16 09:24:23[restartedMain] [TomcatWebServer.java - initialize] [TomcatWebServer:108] - Tomcat initialized with port(s): 8080 (http)
INFO  2023-11-16 09:24:23[restartedMain] [DirectJDKLog.java - log] [StandardService:173] - Starting service [Tomcat]
INFO  2023-11-16 09:24:23[restartedMain] [DirectJDKLog.java - log] [StandardEngine:173] - Starting Servlet engine: [Apache Tomcat/10.1.11]
INFO  2023-11-16 09:24:23[restartedMain] [DirectJDKLog.java - log] [[/api]:173] - Initializing Spring embedded WebApplicationContext
INFO  2023-11-16 09:24:23[restartedMain] [ServletWebServerApplicationContext.java - prepareWebApplicationContext] [ServletWebServerApplicationContext:291] - Root WebApplicationContext: initialization completed in 1636 ms
INFO  2023-11-16 09:24:23[restartedMain] [LogHelper.java - logPersistenceUnitInformation] [LogHelper:31] - HHH000204: Processing PersistenceUnitInfo [name: default]
INFO  2023-11-16 09:24:23[restartedMain] [Version.java - logVersion] [Version:44] - HHH000412: Hibernate ORM core version 6.2.6.Final
INFO  2023-11-16 09:24:23[restartedMain] [Environment.java - <clinit>] [Environment:191] - HHH000406: Using bytecode reflection optimizer
INFO  2023-11-16 09:24:23[restartedMain] [BytecodeProviderInitiator.java - buildBytecodeProvider] [BytecodeProviderInitiator:53] - HHH000021: Bytecode provider name : bytebuddy
INFO  2023-11-16 09:24:23[restartedMain] [SpringPersistenceUnitInfo.java - addTransformer] [SpringPersistenceUnitInfo:87] - No LoadTimeWeaver setup: ignoring JPA class transformer
INFO  2023-11-16 09:24:23[restartedMain] [HikariDataSource.java - getConnection] [HikariDataSource:110] - HikariPool-1 - Starting...
INFO  2023-11-16 09:24:23[restartedMain] [HikariPool.java - checkFailFast] [HikariPool:565] - HikariPool-1 - Added connection org.mariadb.jdbc.Connection@199aa39a
INFO  2023-11-16 09:24:23[restartedMain] [HikariDataSource.java - getConnection] [HikariDataSource:123] - HikariPool-1 - Start completed.
INFO  2023-11-16 09:24:24[restartedMain] [BytecodeProviderInitiator.java - buildBytecodeProvider] [BytecodeProviderInitiator:53] - HHH000021: Bytecode provider name : bytebuddy
INFO  2023-11-16 09:24:24[restartedMain] [JtaPlatformInitiator.java - initiateService] [JtaPlatformInitiator:51] - HHH000490: Using JtaPlatform implementation: [org.hibernate.engine.transaction.jta.platform.internal.NoJtaPlatform]
DEBUG 2023-11-16 09:24:24[restartedMain] [SqlStatementLogger.java - logStatement] [SQL:133] - alter table if exists offer_detail modify column dt_insert  datetime(6)
DEBUG 2023-11-16 09:24:24[restartedMain] [SqlStatementLogger.java - logStatement] [SQL:133] - alter table if exists offer_detail modify column dt_update  datetime(6)
DEBUG 2023-11-16 09:24:24[restartedMain] [SqlStatementLogger.java - logStatement] [SQL:133] - alter table if exists sv_commoncode modify column dt_insert  datetime(6)
DEBUG 2023-11-16 09:24:24[restartedMain] [SqlStatementLogger.java - logStatement] [SQL:133] - alter table if exists sv_commoncode modify column dt_update  datetime(6)
DEBUG 2023-11-16 09:24:24[restartedMain] [SqlStatementLogger.java - logStatement] [SQL:133] - alter table if exists sv_user modify column dt_end  datetime(6)
DEBUG 2023-11-16 09:24:24[restartedMain] [SqlStatementLogger.java - logStatement] [SQL:133] - alter table if exists sv_user modify column dt_insert  datetime(6)
DEBUG 2023-11-16 09:24:24[restartedMain] [SqlStatementLogger.java - logStatement] [SQL:133] - alter table if exists sv_user modify column dt_last  datetime(6)
DEBUG 2023-11-16 09:24:24[restartedMain] [SqlStatementLogger.java - logStatement] [SQL:133] - alter table if exists sv_user modify column dt_last_connect  datetime(6)
DEBUG 2023-11-16 09:24:24[restartedMain] [SqlStatementLogger.java - logStatement] [SQL:133] - alter table if exists sv_user modify column dt_start  datetime(6)
DEBUG 2023-11-16 09:24:24[restartedMain] [SqlStatementLogger.java - logStatement] [SQL:133] - alter table if exists sv_user modify column dt_update  datetime(6)
DEBUG 2023-11-16 09:24:24[restartedMain] [SqlStatementLogger.java - logStatement] [SQL:133] - alter table if exists sv_user_hist modify column dt_end  datetime(6)
DEBUG 2023-11-16 09:24:25[restartedMain] [SqlStatementLogger.java - logStatement] [SQL:133] - alter table if exists sv_user_hist modify column dt_insert  datetime(6)
DEBUG 2023-11-16 09:24:25[restartedMain] [SqlStatementLogger.java - logStatement] [SQL:133] - alter table if exists sv_user_hist modify column dt_last  datetime(6)
DEBUG 2023-11-16 09:24:25[restartedMain] [SqlStatementLogger.java - logStatement] [SQL:133] - alter table if exists sv_user_hist modify column dt_last_connect  datetime(6)
DEBUG 2023-11-16 09:24:25[restartedMain] [SqlStatementLogger.java - logStatement] [SQL:133] - alter table if exists sv_user_hist modify column dt_start  datetime(6)
DEBUG 2023-11-16 09:24:25[restartedMain] [SqlStatementLogger.java - logStatement] [SQL:133] - alter table if exists sv_user_hist modify column dt_update  datetime(6)
INFO  2023-11-16 09:24:25[restartedMain] [AbstractEntityManagerFactoryBean.java - buildNativeEntityManagerFactory] [LocalContainerEntityManagerFactoryBean:437] - Initialized JPA EntityManagerFactory for persistence unit 'default'
WARN  2023-11-16 09:24:25[restartedMain] [JpaBaseConfiguration.java - openEntityManagerInViewInterceptor] [JpaBaseConfiguration$JpaWebConfiguration:231] - spring.jpa.open-in-view is enabled by default. Therefore, database queries may be performed during view rendering. Explicitly configure spring.jpa.open-in-view to disable this warning
INFO  2023-11-16 09:24:25[restartedMain] [WelcomePageHandlerMapping.java - <init>] [WelcomePageHandlerMapping:57] - Adding welcome page: class path resource [static/index.html]
DEBUG 2023-11-16 09:24:25[restartedMain] [AbstractHandlerMethodMapping.java - handlerMethodsInitialized] [RequestMappingHandlerMapping:366] - 5 mappings in 'requestMappingHandlerMapping'
DEBUG 2023-11-16 09:24:25[restartedMain] [SimpleUrlHandlerMapping.java - logMappings] [SimpleUrlHandlerMapping:187] - Patterns [/webjars/**, /**] in 'resourceHandlerMapping'
INFO  2023-11-16 09:24:25[restartedMain] [DefaultSecurityFilterChain.java - <init>] [DefaultSecurityFilterChain:54] - Will secure any request with [org.springframework.security.web.session.DisableEncodeUrlFilter@2356a6e8, org.springframework.security.web.context.request.async.WebAsyncManagerIntegrationFilter@332fd8dd, org.springframework.security.web.context.SecurityContextHolderFilter@2d0f19f7, org.springframework.security.web.header.HeaderWriterFilter@272a45a, org.springframework.security.web.csrf.CsrfFilter@2c67ffd6, org.springframework.security.web.authentication.logout.LogoutFilter@6927a576, org.springframework.security.web.authentication.UsernamePasswordAuthenticationFilter@304b4261, org.springframework.security.web.savedrequest.RequestCacheAwareFilter@196c7c0e, org.springframework.security.web.servletapi.SecurityContextHolderAwareRequestFilter@587a0b5f, org.springframework.security.web.authentication.AnonymousAuthenticationFilter@58686a60, org.springframework.security.web.access.ExceptionTranslationFilter@5d4c0004, org.springframework.security.web.access.intercept.AuthorizationFilter@130c3e0c]
DEBUG 2023-11-16 09:24:25[restartedMain] [RequestMappingHandlerAdapter.java - initControllerAdviceCache] [RequestMappingHandlerAdapter:614] - ControllerAdvice beans: 0 @ModelAttribute, 0 @InitBinder, 1 RequestBodyAdvice, 1 ResponseBodyAdvice
DEBUG 2023-11-16 09:24:25[restartedMain] [ExceptionHandlerExceptionResolver.java - initExceptionHandlerAdviceCache] [ExceptionHandlerExceptionResolver:292] - ControllerAdvice beans: 0 @ExceptionHandler, 1 ResponseBodyAdvice
INFO  2023-11-16 09:24:26[restartedMain] [OptionalLiveReloadServer.java - startServer] [OptionalLiveReloadServer:59] - LiveReload server is running on port 35729
INFO  2023-11-16 09:24:26[restartedMain] [TomcatWebServer.java - start] [TomcatWebServer:220] - Tomcat started on port(s): 8080 (http) with context path '/api'
INFO  2023-11-16 09:24:26[restartedMain] [StartupInfoLogger.java - logStarted] [PhyApplication:57] - Started PhyApplication in 5.07 seconds (process running for 5.532)
INFO  2023-11-16 09:24:26[restartedMain] [JobLauncherApplicationRunner.java - run] [JobLauncherApplicationRunner:160] - Running default command line with: []
INFO  2023-11-16 09:24:33[http-nio-8080-exec-1] [DirectJDKLog.java - log] [[/api]:173] - Initializing Spring DispatcherServlet 'dispatcherServlet'
INFO  2023-11-16 09:24:33[http-nio-8080-exec-1] [FrameworkServlet.java - initServletBean] [DispatcherServlet:532] - Initializing Servlet 'dispatcherServlet'
DEBUG 2023-11-16 09:24:33[http-nio-8080-exec-1] [DispatcherServlet.java - initMultipartResolver] [DispatcherServlet:528] - Detected StandardServletMultipartResolver
DEBUG 2023-11-16 09:24:33[http-nio-8080-exec-1] [DispatcherServlet.java - initLocaleResolver] [DispatcherServlet:552] - Detected AcceptHeaderLocaleResolver
DEBUG 2023-11-16 09:24:33[http-nio-8080-exec-1] [DispatcherServlet.java - initThemeResolver] [DispatcherServlet:578] - Detected FixedThemeResolver
DEBUG 2023-11-16 09:24:33[http-nio-8080-exec-1] [DispatcherServlet.java - initRequestToViewNameTranslator] [DispatcherServlet:728] - Detected org.springframework.web.servlet.view.DefaultRequestToViewNameTranslator@3c0bbafc
DEBUG 2023-11-16 09:24:33[http-nio-8080-exec-1] [DispatcherServlet.java - initFlashMapManager] [DispatcherServlet:792] - Detected org.springframework.web.servlet.support.SessionFlashMapManager@2c836da3
DEBUG 2023-11-16 09:24:33[http-nio-8080-exec-1] [FrameworkServlet.java - initServletBean] [DispatcherServlet:549] - enableLoggingRequestDetails='false': request parameters and headers will be masked to prevent unsafe logging of potentially sensitive data
INFO  2023-11-16 09:24:33[http-nio-8080-exec-1] [FrameworkServlet.java - initServletBean] [DispatcherServlet:554] - Completed initialization in 2 ms
DEBUG 2023-11-16 09:24:33[http-nio-8080-exec-1] [AbstractHandlerMapping.java - getHandler] [RequestMappingHandlerMapping:528] - Mapped to com.phy.Controller.OfferController#readOffer()
DEBUG 2023-11-16 09:24:33[http-nio-8080-exec-1] [LogFormatUtils.java - traceDebug] [DispatcherServlet:120] - GET "/api/offer", parameters={}
DEBUG 2023-11-16 09:24:33[http-nio-8080-exec-1] [AbstractHandlerMapping.java - getHandler] [RequestMappingHandlerMapping:528] - Mapped to com.phy.Controller.OfferController#readOffer()
DEBUG 2023-11-16 09:24:33[http-nio-8080-exec-1] [AbstractMessageConverterMethodProcessor.java - writeWithMessageConverters] [RequestResponseBodyMethodProcessor:275] - Using 'application/json;q=0.8', given [text/html, application/xhtml+xml, image/avif, image/webp, image/apng, application/xml;q=0.9, */*;q=0.8, application/signed-exchange;v=b3;q=0.7] and supported [application/json, application/*+json]
DEBUG 2023-11-16 09:24:33[http-nio-8080-exec-1] [AbstractMessageConverterMethodProcessor.java - writeWithMessageConverters] [RequestResponseBodyMethodProcessor:305] - Nothing to write: null body
DEBUG 2023-11-16 09:24:33[http-nio-8080-exec-1] [FrameworkServlet.java - logResult] [DispatcherServlet:1135] - Completed 200 OK
INFO  2023-11-16 09:27:07[restartedMain] [StartupInfoLogger.java - logStarting] [PhyApplication:51] - Starting PhyApplication using Java 17.0.8 with PID 15896 (C:\Users\kucne\Desktop\Kang\Back\backApi\build\classes\java\main started by kucne in C:\Users\kucne\Desktop\Kang\Back\backApi)
DEBUG 2023-11-16 09:27:07[restartedMain] [StartupInfoLogger.java - logStarting] [PhyApplication:52] - Running with Spring Boot v3.1.2, Spring v6.0.11
INFO  2023-11-16 09:27:07[restartedMain] [SpringApplication.java - logStartupProfileInfo] [PhyApplication:634] - No active profile set, falling back to 1 default profile: "default"
INFO  2023-11-16 09:27:07[restartedMain] [DeferredLog.java - logTo] [DevToolsPropertyDefaultsPostProcessor:250] - Devtools property defaults active! Set 'spring.devtools.add-properties' to 'false' to disable
INFO  2023-11-16 09:27:07[restartedMain] [DeferredLog.java - logTo] [DevToolsPropertyDefaultsPostProcessor:250] - For additional web related logging consider setting the 'logging.level.web' property to 'DEBUG'
INFO  2023-11-16 09:27:08[restartedMain] [RepositoryConfigurationDelegate.java - multipleStoresDetected] [RepositoryConfigurationDelegate:291] - Multiple Spring Data modules found, entering strict repository configuration mode
INFO  2023-11-16 09:27:08[restartedMain] [RepositoryConfigurationDelegate.java - registerRepositoriesIn] [RepositoryConfigurationDelegate:138] - Bootstrapping Spring Data JDBC repositories in DEFAULT mode.
INFO  2023-11-16 09:27:08[restartedMain] [RepositoryConfigurationExtensionSupport.java - isStrictRepositoryCandidate] [RepositoryConfigurationExtensionSupport:320] - Spring Data JDBC - Could not safely identify store assignment for repository candidate interface com.phy.Repository.OfferRepository; If you want this repository to be a JDBC repository, consider annotating your entities with one of these annotations: org.springframework.data.relational.core.mapping.Table.
INFO  2023-11-16 09:27:08[restartedMain] [RepositoryConfigurationExtensionSupport.java - isStrictRepositoryCandidate] [RepositoryConfigurationExtensionSupport:320] - Spring Data JDBC - Could not safely identify store assignment for repository candidate interface com.phy.Repository.SV_CommonCodeRepository; If you want this repository to be a JDBC repository, consider annotating your entities with one of these annotations: org.springframework.data.relational.core.mapping.Table.
INFO  2023-11-16 09:27:08[restartedMain] [RepositoryConfigurationExtensionSupport.java - isStrictRepositoryCandidate] [RepositoryConfigurationExtensionSupport:320] - Spring Data JDBC - Could not safely identify store assignment for repository candidate interface com.phy.Repository.SV_UserRepository; If you want this repository to be a JDBC repository, consider annotating your entities with one of these annotations: org.springframework.data.relational.core.mapping.Table.
INFO  2023-11-16 09:27:08[restartedMain] [RepositoryConfigurationDelegate.java - registerRepositoriesIn] [RepositoryConfigurationDelegate:208] - Finished Spring Data repository scanning in 32 ms. Found 0 JDBC repository interfaces.
INFO  2023-11-16 09:27:08[restartedMain] [RepositoryConfigurationDelegate.java - multipleStoresDetected] [RepositoryConfigurationDelegate:291] - Multiple Spring Data modules found, entering strict repository configuration mode
INFO  2023-11-16 09:27:08[restartedMain] [RepositoryConfigurationDelegate.java - registerRepositoriesIn] [RepositoryConfigurationDelegate:138] - Bootstrapping Spring Data JPA repositories in DEFAULT mode.
INFO  2023-11-16 09:27:08[restartedMain] [RepositoryConfigurationDelegate.java - registerRepositoriesIn] [RepositoryConfigurationDelegate:208] - Finished Spring Data repository scanning in 30 ms. Found 3 JPA repository interfaces.
INFO  2023-11-16 09:27:09[restartedMain] [TomcatWebServer.java - initialize] [TomcatWebServer:108] - Tomcat initialized with port(s): 8080 (http)
INFO  2023-11-16 09:27:09[restartedMain] [DirectJDKLog.java - log] [StandardService:173] - Starting service [Tomcat]
INFO  2023-11-16 09:27:09[restartedMain] [DirectJDKLog.java - log] [StandardEngine:173] - Starting Servlet engine: [Apache Tomcat/10.1.11]
INFO  2023-11-16 09:27:09[restartedMain] [DirectJDKLog.java - log] [[/api]:173] - Initializing Spring embedded WebApplicationContext
INFO  2023-11-16 09:27:09[restartedMain] [ServletWebServerApplicationContext.java - prepareWebApplicationContext] [ServletWebServerApplicationContext:291] - Root WebApplicationContext: initialization completed in 1586 ms
INFO  2023-11-16 09:27:09[restartedMain] [LogHelper.java - logPersistenceUnitInformation] [LogHelper:31] - HHH000204: Processing PersistenceUnitInfo [name: default]
INFO  2023-11-16 09:27:09[restartedMain] [Version.java - logVersion] [Version:44] - HHH000412: Hibernate ORM core version 6.2.6.Final
INFO  2023-11-16 09:27:09[restartedMain] [Environment.java - <clinit>] [Environment:191] - HHH000406: Using bytecode reflection optimizer
INFO  2023-11-16 09:27:09[restartedMain] [BytecodeProviderInitiator.java - buildBytecodeProvider] [BytecodeProviderInitiator:53] - HHH000021: Bytecode provider name : bytebuddy
INFO  2023-11-16 09:27:09[restartedMain] [SpringPersistenceUnitInfo.java - addTransformer] [SpringPersistenceUnitInfo:87] - No LoadTimeWeaver setup: ignoring JPA class transformer
INFO  2023-11-16 09:27:09[restartedMain] [HikariDataSource.java - getConnection] [HikariDataSource:110] - HikariPool-1 - Starting...
INFO  2023-11-16 09:27:09[restartedMain] [HikariPool.java - checkFailFast] [HikariPool:565] - HikariPool-1 - Added connection org.mariadb.jdbc.Connection@26e5548
INFO  2023-11-16 09:27:09[restartedMain] [HikariDataSource.java - getConnection] [HikariDataSource:123] - HikariPool-1 - Start completed.
INFO  2023-11-16 09:27:10[restartedMain] [BytecodeProviderInitiator.java - buildBytecodeProvider] [BytecodeProviderInitiator:53] - HHH000021: Bytecode provider name : bytebuddy
INFO  2023-11-16 09:27:10[restartedMain] [JtaPlatformInitiator.java - initiateService] [JtaPlatformInitiator:51] - HHH000490: Using JtaPlatform implementation: [org.hibernate.engine.transaction.jta.platform.internal.NoJtaPlatform]
DEBUG 2023-11-16 09:27:10[restartedMain] [SqlStatementLogger.java - logStatement] [SQL:133] - alter table if exists offer_detail modify column dt_insert  datetime(6)
DEBUG 2023-11-16 09:27:10[restartedMain] [SqlStatementLogger.java - logStatement] [SQL:133] - alter table if exists offer_detail modify column dt_update  datetime(6)
DEBUG 2023-11-16 09:27:10[restartedMain] [SqlStatementLogger.java - logStatement] [SQL:133] - alter table if exists sv_commoncode modify column dt_insert  datetime(6)
DEBUG 2023-11-16 09:27:10[restartedMain] [SqlStatementLogger.java - logStatement] [SQL:133] - alter table if exists sv_commoncode modify column dt_update  datetime(6)
DEBUG 2023-11-16 09:27:10[restartedMain] [SqlStatementLogger.java - logStatement] [SQL:133] - alter table if exists sv_user modify column dt_end  datetime(6)
DEBUG 2023-11-16 09:27:10[restartedMain] [SqlStatementLogger.java - logStatement] [SQL:133] - alter table if exists sv_user modify column dt_insert  datetime(6)
DEBUG 2023-11-16 09:27:10[restartedMain] [SqlStatementLogger.java - logStatement] [SQL:133] - alter table if exists sv_user modify column dt_last  datetime(6)
DEBUG 2023-11-16 09:27:10[restartedMain] [SqlStatementLogger.java - logStatement] [SQL:133] - alter table if exists sv_user modify column dt_last_connect  datetime(6)
DEBUG 2023-11-16 09:27:10[restartedMain] [SqlStatementLogger.java - logStatement] [SQL:133] - alter table if exists sv_user modify column dt_start  datetime(6)
DEBUG 2023-11-16 09:27:10[restartedMain] [SqlStatementLogger.java - logStatement] [SQL:133] - alter table if exists sv_user modify column dt_update  datetime(6)
DEBUG 2023-11-16 09:27:10[restartedMain] [SqlStatementLogger.java - logStatement] [SQL:133] - alter table if exists sv_user_hist modify column dt_end  datetime(6)
DEBUG 2023-11-16 09:27:10[restartedMain] [SqlStatementLogger.java - logStatement] [SQL:133] - alter table if exists sv_user_hist modify column dt_insert  datetime(6)
DEBUG 2023-11-16 09:27:10[restartedMain] [SqlStatementLogger.java - logStatement] [SQL:133] - alter table if exists sv_user_hist modify column dt_last  datetime(6)
DEBUG 2023-11-16 09:27:10[restartedMain] [SqlStatementLogger.java - logStatement] [SQL:133] - alter table if exists sv_user_hist modify column dt_last_connect  datetime(6)
DEBUG 2023-11-16 09:27:10[restartedMain] [SqlStatementLogger.java - logStatement] [SQL:133] - alter table if exists sv_user_hist modify column dt_start  datetime(6)
DEBUG 2023-11-16 09:27:10[restartedMain] [SqlStatementLogger.java - logStatement] [SQL:133] - alter table if exists sv_user_hist modify column dt_update  datetime(6)
INFO  2023-11-16 09:27:10[restartedMain] [AbstractEntityManagerFactoryBean.java - buildNativeEntityManagerFactory] [LocalContainerEntityManagerFactoryBean:437] - Initialized JPA EntityManagerFactory for persistence unit 'default'
WARN  2023-11-16 09:27:11[restartedMain] [JpaBaseConfiguration.java - openEntityManagerInViewInterceptor] [JpaBaseConfiguration$JpaWebConfiguration:231] - spring.jpa.open-in-view is enabled by default. Therefore, database queries may be performed during view rendering. Explicitly configure spring.jpa.open-in-view to disable this warning
INFO  2023-11-16 09:27:11[restartedMain] [WelcomePageHandlerMapping.java - <init>] [WelcomePageHandlerMapping:57] - Adding welcome page: class path resource [static/index.html]
INFO  2023-11-16 09:27:11[restartedMain] [DefaultSecurityFilterChain.java - <init>] [DefaultSecurityFilterChain:54] - Will secure any request with [org.springframework.security.web.session.DisableEncodeUrlFilter@77816056, org.springframework.security.web.context.request.async.WebAsyncManagerIntegrationFilter@47bc71f9, org.springframework.security.web.context.SecurityContextHolderFilter@2ad3f3b2, org.springframework.security.web.header.HeaderWriterFilter@38e01c74, org.springframework.security.web.csrf.CsrfFilter@73bb0aeb, org.springframework.security.web.authentication.logout.LogoutFilter@614410cd, org.springframework.security.web.authentication.UsernamePasswordAuthenticationFilter@1036c84a, org.springframework.security.web.savedrequest.RequestCacheAwareFilter@432124c5, org.springframework.security.web.servletapi.SecurityContextHolderAwareRequestFilter@49c99b54, org.springframework.security.web.authentication.AnonymousAuthenticationFilter@13e4706d, org.springframework.security.web.access.ExceptionTranslationFilter@40639f42, org.springframework.security.web.access.intercept.AuthorizationFilter@7c58829e]
INFO  2023-11-16 09:27:11[restartedMain] [OptionalLiveReloadServer.java - startServer] [OptionalLiveReloadServer:59] - LiveReload server is running on port 35729
INFO  2023-11-16 09:27:11[restartedMain] [TomcatWebServer.java - start] [TomcatWebServer:220] - Tomcat started on port(s): 8080 (http) with context path '/api'
INFO  2023-11-16 09:27:11[restartedMain] [StartupInfoLogger.java - logStarted] [PhyApplication:57] - Started PhyApplication in 4.818 seconds (process running for 5.265)
INFO  2023-11-16 09:27:11[restartedMain] [JobLauncherApplicationRunner.java - run] [JobLauncherApplicationRunner:160] - Running default command line with: []
INFO  2023-11-16 09:27:38[http-nio-8080-exec-1] [DirectJDKLog.java - log] [[/api]:173] - Initializing Spring DispatcherServlet 'dispatcherServlet'
INFO  2023-11-16 09:27:38[http-nio-8080-exec-1] [FrameworkServlet.java - initServletBean] [DispatcherServlet:532] - Initializing Servlet 'dispatcherServlet'
INFO  2023-11-16 09:27:38[http-nio-8080-exec-1] [FrameworkServlet.java - initServletBean] [DispatcherServlet:554] - Completed initialization in 0 ms
DEBUG 2023-11-16 09:27:38[http-nio-8080-exec-1] [OfferController.java - readOffer] [OfferController:35] - Get in readOffer.
INFO  2023-11-16 11:30:51[restartedMain] [StartupInfoLogger.java - logStarting] [PhyApplication:51] - Starting PhyApplication using Java 17.0.8 with PID 20528 (C:\Users\kucne\Desktop\Kang\Back\backApi\build\classes\java\main started by kucne in C:\Users\kucne\Desktop\Kang\Back\backApi)
DEBUG 2023-11-16 11:30:51[restartedMain] [StartupInfoLogger.java - logStarting] [PhyApplication:52] - Running with Spring Boot v3.1.2, Spring v6.0.11
INFO  2023-11-16 11:30:51[restartedMain] [SpringApplication.java - logStartupProfileInfo] [PhyApplication:634] - No active profile set, falling back to 1 default profile: "default"
INFO  2023-11-16 11:30:51[restartedMain] [DeferredLog.java - logTo] [DevToolsPropertyDefaultsPostProcessor:250] - Devtools property defaults active! Set 'spring.devtools.add-properties' to 'false' to disable
INFO  2023-11-16 11:30:51[restartedMain] [DeferredLog.java - logTo] [DevToolsPropertyDefaultsPostProcessor:250] - For additional web related logging consider setting the 'logging.level.web' property to 'DEBUG'
INFO  2023-11-16 11:30:51[restartedMain] [RepositoryConfigurationDelegate.java - multipleStoresDetected] [RepositoryConfigurationDelegate:291] - Multiple Spring Data modules found, entering strict repository configuration mode
INFO  2023-11-16 11:30:51[restartedMain] [RepositoryConfigurationDelegate.java - registerRepositoriesIn] [RepositoryConfigurationDelegate:138] - Bootstrapping Spring Data JDBC repositories in DEFAULT mode.
INFO  2023-11-16 11:30:52[restartedMain] [RepositoryConfigurationExtensionSupport.java - isStrictRepositoryCandidate] [RepositoryConfigurationExtensionSupport:320] - Spring Data JDBC - Could not safely identify store assignment for repository candidate interface com.phy.Repository.OfferRepository; If you want this repository to be a JDBC repository, consider annotating your entities with one of these annotations: org.springframework.data.relational.core.mapping.Table.
INFO  2023-11-16 11:30:52[restartedMain] [RepositoryConfigurationExtensionSupport.java - isStrictRepositoryCandidate] [RepositoryConfigurationExtensionSupport:320] - Spring Data JDBC - Could not safely identify store assignment for repository candidate interface com.phy.Repository.SV_CommonCodeRepository; If you want this repository to be a JDBC repository, consider annotating your entities with one of these annotations: org.springframework.data.relational.core.mapping.Table.
INFO  2023-11-16 11:30:52[restartedMain] [RepositoryConfigurationExtensionSupport.java - isStrictRepositoryCandidate] [RepositoryConfigurationExtensionSupport:320] - Spring Data JDBC - Could not safely identify store assignment for repository candidate interface com.phy.Repository.SV_UserRepository; If you want this repository to be a JDBC repository, consider annotating your entities with one of these annotations: org.springframework.data.relational.core.mapping.Table.
INFO  2023-11-16 11:30:52[restartedMain] [RepositoryConfigurationDelegate.java - registerRepositoriesIn] [RepositoryConfigurationDelegate:208] - Finished Spring Data repository scanning in 34 ms. Found 0 JDBC repository interfaces.
INFO  2023-11-16 11:30:52[restartedMain] [RepositoryConfigurationDelegate.java - multipleStoresDetected] [RepositoryConfigurationDelegate:291] - Multiple Spring Data modules found, entering strict repository configuration mode
INFO  2023-11-16 11:30:52[restartedMain] [RepositoryConfigurationDelegate.java - registerRepositoriesIn] [RepositoryConfigurationDelegate:138] - Bootstrapping Spring Data JPA repositories in DEFAULT mode.
INFO  2023-11-16 11:30:52[restartedMain] [RepositoryConfigurationDelegate.java - registerRepositoriesIn] [RepositoryConfigurationDelegate:208] - Finished Spring Data repository scanning in 28 ms. Found 3 JPA repository interfaces.
INFO  2023-11-16 11:30:52[restartedMain] [TomcatWebServer.java - initialize] [TomcatWebServer:108] - Tomcat initialized with port(s): 8080 (http)
INFO  2023-11-16 11:30:52[restartedMain] [DirectJDKLog.java - log] [StandardService:173] - Starting service [Tomcat]
INFO  2023-11-16 11:30:52[restartedMain] [DirectJDKLog.java - log] [StandardEngine:173] - Starting Servlet engine: [Apache Tomcat/10.1.11]
INFO  2023-11-16 11:30:52[restartedMain] [DirectJDKLog.java - log] [[/api]:173] - Initializing Spring embedded WebApplicationContext
INFO  2023-11-16 11:30:52[restartedMain] [ServletWebServerApplicationContext.java - prepareWebApplicationContext] [ServletWebServerApplicationContext:291] - Root WebApplicationContext: initialization completed in 1568 ms
INFO  2023-11-16 11:30:52[restartedMain] [LogHelper.java - logPersistenceUnitInformation] [LogHelper:31] - HHH000204: Processing PersistenceUnitInfo [name: default]
INFO  2023-11-16 11:30:53[restartedMain] [Version.java - logVersion] [Version:44] - HHH000412: Hibernate ORM core version 6.2.6.Final
INFO  2023-11-16 11:30:53[restartedMain] [Environment.java - <clinit>] [Environment:191] - HHH000406: Using bytecode reflection optimizer
INFO  2023-11-16 11:30:53[restartedMain] [BytecodeProviderInitiator.java - buildBytecodeProvider] [BytecodeProviderInitiator:53] - HHH000021: Bytecode provider name : bytebuddy
INFO  2023-11-16 11:30:53[restartedMain] [SpringPersistenceUnitInfo.java - addTransformer] [SpringPersistenceUnitInfo:87] - No LoadTimeWeaver setup: ignoring JPA class transformer
INFO  2023-11-16 11:30:53[restartedMain] [HikariDataSource.java - getConnection] [HikariDataSource:110] - HikariPool-1 - Starting...
INFO  2023-11-16 11:30:53[restartedMain] [HikariPool.java - checkFailFast] [HikariPool:565] - HikariPool-1 - Added connection org.mariadb.jdbc.Connection@26e5548
INFO  2023-11-16 11:30:53[restartedMain] [HikariDataSource.java - getConnection] [HikariDataSource:123] - HikariPool-1 - Start completed.
INFO  2023-11-16 11:30:53[restartedMain] [BytecodeProviderInitiator.java - buildBytecodeProvider] [BytecodeProviderInitiator:53] - HHH000021: Bytecode provider name : bytebuddy
INFO  2023-11-16 11:30:54[restartedMain] [JtaPlatformInitiator.java - initiateService] [JtaPlatformInitiator:51] - HHH000490: Using JtaPlatform implementation: [org.hibernate.engine.transaction.jta.platform.internal.NoJtaPlatform]
DEBUG 2023-11-16 11:30:54[restartedMain] [SqlStatementLogger.java - logStatement] [SQL:133] - alter table if exists offer_detail modify column dt_insert  datetime(6)
DEBUG 2023-11-16 11:30:54[restartedMain] [SqlStatementLogger.java - logStatement] [SQL:133] - alter table if exists offer_detail modify column dt_update  datetime(6)
DEBUG 2023-11-16 11:30:54[restartedMain] [SqlStatementLogger.java - logStatement] [SQL:133] - alter table if exists sv_commoncode modify column dt_insert  datetime(6)
DEBUG 2023-11-16 11:30:54[restartedMain] [SqlStatementLogger.java - logStatement] [SQL:133] - alter table if exists sv_commoncode modify column dt_update  datetime(6)
DEBUG 2023-11-16 11:30:54[restartedMain] [SqlStatementLogger.java - logStatement] [SQL:133] - alter table if exists sv_user modify column dt_end  datetime(6)
DEBUG 2023-11-16 11:30:54[restartedMain] [SqlStatementLogger.java - logStatement] [SQL:133] - alter table if exists sv_user modify column dt_insert  datetime(6)
DEBUG 2023-11-16 11:30:54[restartedMain] [SqlStatementLogger.java - logStatement] [SQL:133] - alter table if exists sv_user modify column dt_last  datetime(6)
DEBUG 2023-11-16 11:30:54[restartedMain] [SqlStatementLogger.java - logStatement] [SQL:133] - alter table if exists sv_user modify column dt_last_connect  datetime(6)
DEBUG 2023-11-16 11:30:54[restartedMain] [SqlStatementLogger.java - logStatement] [SQL:133] - alter table if exists sv_user modify column dt_start  datetime(6)
DEBUG 2023-11-16 11:30:54[restartedMain] [SqlStatementLogger.java - logStatement] [SQL:133] - alter table if exists sv_user modify column dt_update  datetime(6)
DEBUG 2023-11-16 11:30:54[restartedMain] [SqlStatementLogger.java - logStatement] [SQL:133] - alter table if exists sv_user_hist modify column dt_end  datetime(6)
DEBUG 2023-11-16 11:30:54[restartedMain] [SqlStatementLogger.java - logStatement] [SQL:133] - alter table if exists sv_user_hist modify column dt_insert  datetime(6)
DEBUG 2023-11-16 11:30:54[restartedMain] [SqlStatementLogger.java - logStatement] [SQL:133] - alter table if exists sv_user_hist modify column dt_last  datetime(6)
DEBUG 2023-11-16 11:30:54[restartedMain] [SqlStatementLogger.java - logStatement] [SQL:133] - alter table if exists sv_user_hist modify column dt_last_connect  datetime(6)
DEBUG 2023-11-16 11:30:54[restartedMain] [SqlStatementLogger.java - logStatement] [SQL:133] - alter table if exists sv_user_hist modify column dt_start  datetime(6)
DEBUG 2023-11-16 11:30:54[restartedMain] [SqlStatementLogger.java - logStatement] [SQL:133] - alter table if exists sv_user_hist modify column dt_update  datetime(6)
INFO  2023-11-16 11:30:54[restartedMain] [AbstractEntityManagerFactoryBean.java - buildNativeEntityManagerFactory] [LocalContainerEntityManagerFactoryBean:437] - Initialized JPA EntityManagerFactory for persistence unit 'default'
WARN  2023-11-16 11:30:54[restartedMain] [JpaBaseConfiguration.java - openEntityManagerInViewInterceptor] [JpaBaseConfiguration$JpaWebConfiguration:231] - spring.jpa.open-in-view is enabled by default. Therefore, database queries may be performed during view rendering. Explicitly configure spring.jpa.open-in-view to disable this warning
INFO  2023-11-16 11:30:55[restartedMain] [WelcomePageHandlerMapping.java - <init>] [WelcomePageHandlerMapping:57] - Adding welcome page: class path resource [static/index.html]
INFO  2023-11-16 11:30:55[restartedMain] [DefaultSecurityFilterChain.java - <init>] [DefaultSecurityFilterChain:54] - Will secure any request with [org.springframework.security.web.session.DisableEncodeUrlFilter@47bc71f9, org.springframework.security.web.context.request.async.WebAsyncManagerIntegrationFilter@13e4706d, org.springframework.security.web.context.SecurityContextHolderFilter@12e84920, org.springframework.security.web.header.HeaderWriterFilter@61660fcf, org.springframework.security.web.csrf.CsrfFilter@6408e4bd, org.springframework.security.web.authentication.logout.LogoutFilter@470918be, org.springframework.security.web.authentication.UsernamePasswordAuthenticationFilter@4f5fea5d, org.springframework.security.web.savedrequest.RequestCacheAwareFilter@660e43fa, org.springframework.security.web.servletapi.SecurityContextHolderAwareRequestFilter@5d4c0004, org.springframework.security.web.authentication.AnonymousAuthenticationFilter@5ecf62c9, org.springframework.security.web.access.ExceptionTranslationFilter@24d6662e, org.springframework.security.web.access.intercept.AuthorizationFilter@1036c84a]
INFO  2023-11-16 11:30:55[restartedMain] [OptionalLiveReloadServer.java - startServer] [OptionalLiveReloadServer:59] - LiveReload server is running on port 35729
INFO  2023-11-16 11:30:55[restartedMain] [TomcatWebServer.java - start] [TomcatWebServer:220] - Tomcat started on port(s): 8080 (http) with context path '/api'
INFO  2023-11-16 11:30:55[restartedMain] [StartupInfoLogger.java - logStarted] [PhyApplication:57] - Started PhyApplication in 4.717 seconds (process running for 5.166)
INFO  2023-11-16 11:30:55[restartedMain] [JobLauncherApplicationRunner.java - run] [JobLauncherApplicationRunner:160] - Running default command line with: []
INFO  2023-11-16 11:31:00[http-nio-8080-exec-1] [DirectJDKLog.java - log] [[/api]:173] - Initializing Spring DispatcherServlet 'dispatcherServlet'
INFO  2023-11-16 11:31:00[http-nio-8080-exec-1] [FrameworkServlet.java - initServletBean] [DispatcherServlet:532] - Initializing Servlet 'dispatcherServlet'
INFO  2023-11-16 11:31:00[http-nio-8080-exec-1] [FrameworkServlet.java - initServletBean] [DispatcherServlet:554] - Completed initialization in 1 ms
DEBUG 2023-11-16 11:31:00[http-nio-8080-exec-1] [OfferController.java - readOffer] [OfferController:46] - Get in readOffer.
DEBUG 2023-11-16 11:31:00[http-nio-8080-exec-1] [OfferController.java - readOffer] [OfferController:47] - pageNum : 1
WARN  2023-11-16 13:01:10[HikariPool-1 housekeeper] [HikariPool.java - run] [HikariPool:804] - HikariPool-1 - Thread starvation or clock leap detected (housekeeper delta=1h5m46s809ms366µs400ns).
INFO  2023-11-16 14:40:56[restartedMain] [StartupInfoLogger.java - logStarting] [PhyApplication:51] - Starting PhyApplication using Java 17.0.8 with PID 20096 (C:\Users\kucne\Desktop\Kang\Back\backApi\build\classes\java\main started by kucne in C:\Users\kucne\Desktop\Kang\Back\backApi)
DEBUG 2023-11-16 14:40:56[restartedMain] [StartupInfoLogger.java - logStarting] [PhyApplication:52] - Running with Spring Boot v3.1.2, Spring v6.0.11
INFO  2023-11-16 14:40:56[restartedMain] [SpringApplication.java - logStartupProfileInfo] [PhyApplication:634] - No active profile set, falling back to 1 default profile: "default"
INFO  2023-11-16 14:40:56[restartedMain] [DeferredLog.java - logTo] [DevToolsPropertyDefaultsPostProcessor:250] - Devtools property defaults active! Set 'spring.devtools.add-properties' to 'false' to disable
INFO  2023-11-16 14:40:56[restartedMain] [DeferredLog.java - logTo] [DevToolsPropertyDefaultsPostProcessor:250] - For additional web related logging consider setting the 'logging.level.web' property to 'DEBUG'
INFO  2023-11-16 14:40:56[restartedMain] [RepositoryConfigurationDelegate.java - multipleStoresDetected] [RepositoryConfigurationDelegate:291] - Multiple Spring Data modules found, entering strict repository configuration mode
INFO  2023-11-16 14:40:56[restartedMain] [RepositoryConfigurationDelegate.java - registerRepositoriesIn] [RepositoryConfigurationDelegate:138] - Bootstrapping Spring Data JDBC repositories in DEFAULT mode.
INFO  2023-11-16 14:40:56[restartedMain] [RepositoryConfigurationExtensionSupport.java - isStrictRepositoryCandidate] [RepositoryConfigurationExtensionSupport:320] - Spring Data JDBC - Could not safely identify store assignment for repository candidate interface com.phy.Repository.OfferRepository; If you want this repository to be a JDBC repository, consider annotating your entities with one of these annotations: org.springframework.data.relational.core.mapping.Table.
INFO  2023-11-16 14:40:56[restartedMain] [RepositoryConfigurationExtensionSupport.java - isStrictRepositoryCandidate] [RepositoryConfigurationExtensionSupport:320] - Spring Data JDBC - Could not safely identify store assignment for repository candidate interface com.phy.Repository.SV_CommonCodeRepository; If you want this repository to be a JDBC repository, consider annotating your entities with one of these annotations: org.springframework.data.relational.core.mapping.Table.
INFO  2023-11-16 14:40:56[restartedMain] [RepositoryConfigurationExtensionSupport.java - isStrictRepositoryCandidate] [RepositoryConfigurationExtensionSupport:320] - Spring Data JDBC - Could not safely identify store assignment for repository candidate interface com.phy.Repository.SV_UserRepository; If you want this repository to be a JDBC repository, consider annotating your entities with one of these annotations: org.springframework.data.relational.core.mapping.Table.
INFO  2023-11-16 14:40:56[restartedMain] [RepositoryConfigurationDelegate.java - registerRepositoriesIn] [RepositoryConfigurationDelegate:208] - Finished Spring Data repository scanning in 46 ms. Found 0 JDBC repository interfaces.
INFO  2023-11-16 14:40:56[restartedMain] [RepositoryConfigurationDelegate.java - multipleStoresDetected] [RepositoryConfigurationDelegate:291] - Multiple Spring Data modules found, entering strict repository configuration mode
INFO  2023-11-16 14:40:56[restartedMain] [RepositoryConfigurationDelegate.java - registerRepositoriesIn] [RepositoryConfigurationDelegate:138] - Bootstrapping Spring Data JPA repositories in DEFAULT mode.
INFO  2023-11-16 14:40:56[restartedMain] [RepositoryConfigurationDelegate.java - registerRepositoriesIn] [RepositoryConfigurationDelegate:208] - Finished Spring Data repository scanning in 37 ms. Found 3 JPA repository interfaces.
INFO  2023-11-16 14:40:57[restartedMain] [TomcatWebServer.java - initialize] [TomcatWebServer:108] - Tomcat initialized with port(s): 8080 (http)
INFO  2023-11-16 14:40:57[restartedMain] [DirectJDKLog.java - log] [StandardService:173] - Starting service [Tomcat]
INFO  2023-11-16 14:40:57[restartedMain] [DirectJDKLog.java - log] [StandardEngine:173] - Starting Servlet engine: [Apache Tomcat/10.1.11]
INFO  2023-11-16 14:40:57[restartedMain] [DirectJDKLog.java - log] [[/api]:173] - Initializing Spring embedded WebApplicationContext
INFO  2023-11-16 14:40:57[restartedMain] [ServletWebServerApplicationContext.java - prepareWebApplicationContext] [ServletWebServerApplicationContext:291] - Root WebApplicationContext: initialization completed in 1621 ms
INFO  2023-11-16 14:40:57[restartedMain] [LogHelper.java - logPersistenceUnitInformation] [LogHelper:31] - HHH000204: Processing PersistenceUnitInfo [name: default]
INFO  2023-11-16 14:40:57[restartedMain] [Version.java - logVersion] [Version:44] - HHH000412: Hibernate ORM core version 6.2.6.Final
INFO  2023-11-16 14:40:57[restartedMain] [Environment.java - <clinit>] [Environment:191] - HHH000406: Using bytecode reflection optimizer
INFO  2023-11-16 14:40:58[restartedMain] [BytecodeProviderInitiator.java - buildBytecodeProvider] [BytecodeProviderInitiator:53] - HHH000021: Bytecode provider name : bytebuddy
INFO  2023-11-16 14:40:58[restartedMain] [SpringPersistenceUnitInfo.java - addTransformer] [SpringPersistenceUnitInfo:87] - No LoadTimeWeaver setup: ignoring JPA class transformer
INFO  2023-11-16 14:40:58[restartedMain] [HikariDataSource.java - getConnection] [HikariDataSource:110] - HikariPool-1 - Starting...
INFO  2023-11-16 14:40:58[restartedMain] [HikariPool.java - checkFailFast] [HikariPool:565] - HikariPool-1 - Added connection org.mariadb.jdbc.Connection@65cbf729
INFO  2023-11-16 14:40:58[restartedMain] [HikariDataSource.java - getConnection] [HikariDataSource:123] - HikariPool-1 - Start completed.
INFO  2023-11-16 14:40:58[restartedMain] [BytecodeProviderInitiator.java - buildBytecodeProvider] [BytecodeProviderInitiator:53] - HHH000021: Bytecode provider name : bytebuddy
INFO  2023-11-16 14:40:59[restartedMain] [JtaPlatformInitiator.java - initiateService] [JtaPlatformInitiator:51] - HHH000490: Using JtaPlatform implementation: [org.hibernate.engine.transaction.jta.platform.internal.NoJtaPlatform]
DEBUG 2023-11-16 14:40:59[restartedMain] [SqlStatementLogger.java - logStatement] [SQL:133] - alter table if exists offer_detail add column cd_complete varchar(255)
DEBUG 2023-11-16 14:40:59[restartedMain] [SqlStatementLogger.java - logStatement] [SQL:133] - alter table if exists offer_detail modify column dt_insert  datetime(6)
DEBUG 2023-11-16 14:40:59[restartedMain] [SqlStatementLogger.java - logStatement] [SQL:133] - alter table if exists offer_detail modify column dt_update  datetime(6)
DEBUG 2023-11-16 14:40:59[restartedMain] [SqlStatementLogger.java - logStatement] [SQL:133] - alter table if exists sv_commoncode modify column dt_insert  datetime(6)
DEBUG 2023-11-16 14:40:59[restartedMain] [SqlStatementLogger.java - logStatement] [SQL:133] - alter table if exists sv_commoncode modify column dt_update  datetime(6)
DEBUG 2023-11-16 14:40:59[restartedMain] [SqlStatementLogger.java - logStatement] [SQL:133] - alter table if exists sv_user modify column dt_end  datetime(6)
DEBUG 2023-11-16 14:40:59[restartedMain] [SqlStatementLogger.java - logStatement] [SQL:133] - alter table if exists sv_user modify column dt_insert  datetime(6)
DEBUG 2023-11-16 14:40:59[restartedMain] [SqlStatementLogger.java - logStatement] [SQL:133] - alter table if exists sv_user modify column dt_last  datetime(6)
DEBUG 2023-11-16 14:40:59[restartedMain] [SqlStatementLogger.java - logStatement] [SQL:133] - alter table if exists sv_user modify column dt_last_connect  datetime(6)
DEBUG 2023-11-16 14:40:59[restartedMain] [SqlStatementLogger.java - logStatement] [SQL:133] - alter table if exists sv_user modify column dt_start  datetime(6)
DEBUG 2023-11-16 14:40:59[restartedMain] [SqlStatementLogger.java - logStatement] [SQL:133] - alter table if exists sv_user modify column dt_update  datetime(6)
DEBUG 2023-11-16 14:40:59[restartedMain] [SqlStatementLogger.java - logStatement] [SQL:133] - alter table if exists sv_user_hist modify column dt_end  datetime(6)
DEBUG 2023-11-16 14:40:59[restartedMain] [SqlStatementLogger.java - logStatement] [SQL:133] - alter table if exists sv_user_hist modify column dt_insert  datetime(6)
DEBUG 2023-11-16 14:40:59[restartedMain] [SqlStatementLogger.java - logStatement] [SQL:133] - alter table if exists sv_user_hist modify column dt_last  datetime(6)
DEBUG 2023-11-16 14:40:59[restartedMain] [SqlStatementLogger.java - logStatement] [SQL:133] - alter table if exists sv_user_hist modify column dt_last_connect  datetime(6)
DEBUG 2023-11-16 14:40:59[restartedMain] [SqlStatementLogger.java - logStatement] [SQL:133] - alter table if exists sv_user_hist modify column dt_start  datetime(6)
DEBUG 2023-11-16 14:40:59[restartedMain] [SqlStatementLogger.java - logStatement] [SQL:133] - alter table if exists sv_user_hist modify column dt_update  datetime(6)
INFO  2023-11-16 14:40:59[restartedMain] [AbstractEntityManagerFactoryBean.java - buildNativeEntityManagerFactory] [LocalContainerEntityManagerFactoryBean:437] - Initialized JPA EntityManagerFactory for persistence unit 'default'
WARN  2023-11-16 14:40:59[restartedMain] [JpaBaseConfiguration.java - openEntityManagerInViewInterceptor] [JpaBaseConfiguration$JpaWebConfiguration:231] - spring.jpa.open-in-view is enabled by default. Therefore, database queries may be performed during view rendering. Explicitly configure spring.jpa.open-in-view to disable this warning
INFO  2023-11-16 14:40:59[restartedMain] [WelcomePageHandlerMapping.java - <init>] [WelcomePageHandlerMapping:57] - Adding welcome page: class path resource [static/index.html]
INFO  2023-11-16 14:41:00[restartedMain] [DefaultSecurityFilterChain.java - <init>] [DefaultSecurityFilterChain:54] - Will secure any request with [org.springframework.security.web.session.DisableEncodeUrlFilter@7161d19e, org.springframework.security.web.context.request.async.WebAsyncManagerIntegrationFilter@325d86b7, org.springframework.security.web.context.SecurityContextHolderFilter@15445ae1, org.springframework.security.web.header.HeaderWriterFilter@e3ec16a, org.springframework.security.web.csrf.CsrfFilter@7b28076, org.springframework.security.web.authentication.logout.LogoutFilter@3324a567, org.springframework.security.web.authentication.UsernamePasswordAuthenticationFilter@4cdc7afb, org.springframework.security.web.savedrequest.RequestCacheAwareFilter@49ab4f4e, org.springframework.security.web.servletapi.SecurityContextHolderAwareRequestFilter@55388220, org.springframework.security.web.authentication.AnonymousAuthenticationFilter@7c46badc, org.springframework.security.web.access.ExceptionTranslationFilter@14e4caff, org.springframework.security.web.access.intercept.AuthorizationFilter@7ba6780d]
INFO  2023-11-16 14:41:00[restartedMain] [OptionalLiveReloadServer.java - startServer] [OptionalLiveReloadServer:59] - LiveReload server is running on port 35729
INFO  2023-11-16 14:41:00[restartedMain] [TomcatWebServer.java - start] [TomcatWebServer:220] - Tomcat started on port(s): 8080 (http) with context path '/api'
INFO  2023-11-16 14:41:00[restartedMain] [StartupInfoLogger.java - logStarted] [PhyApplication:57] - Started PhyApplication in 4.891 seconds (process running for 5.352)
INFO  2023-11-16 14:41:00[restartedMain] [JobLauncherApplicationRunner.java - run] [JobLauncherApplicationRunner:160] - Running default command line with: []
INFO  2023-11-16 14:41:07[http-nio-8080-exec-1] [DirectJDKLog.java - log] [[/api]:173] - Initializing Spring DispatcherServlet 'dispatcherServlet'
INFO  2023-11-16 14:41:07[http-nio-8080-exec-1] [FrameworkServlet.java - initServletBean] [DispatcherServlet:532] - Initializing Servlet 'dispatcherServlet'
INFO  2023-11-16 14:41:07[http-nio-8080-exec-1] [FrameworkServlet.java - initServletBean] [DispatcherServlet:554] - Completed initialization in 1 ms
DEBUG 2023-11-16 14:41:07[http-nio-8080-exec-1] [OfferController.java - readOffer] [OfferController:47] - Get in readOffer.
DEBUG 2023-11-16 14:41:07[http-nio-8080-exec-1] [SqlStatementLogger.java - logStatement] [SQL:133] - select o1_0.offer_idx,o1_0.cd_adj,o1_0.cd_complete,o1_0.dt_insert,o1_0.dt_update,o1_0.nm_ceo,o1_0.nm_store,o1_0.str_msg,o1_0.str_tel from offer_detail o1_0 order by o1_0.offer_idx desc limit ?,?
DEBUG 2023-11-16 14:41:07[http-nio-8080-exec-1] [SqlStatementLogger.java - logStatement] [SQL:133] - select count(o1_0.offer_idx) from offer_detail o1_0
